[ 2016-03-02T08:57:55+08:00 ] ::1 /curd_sql/
INFO: [ app_init ] --START--
INFO: Run Behavior\BuildLiteBehavior [ RunTime:0.000000s ]
INFO: [ app_init ] --END-- [ RunTime:0.015001s ]
INFO: [ app_begin ] --START--
INFO: Run Behavior\ReadHtmlCacheBehavior [ RunTime:0.001000s ]
INFO: [ app_begin ] --END-- [ RunTime:0.001000s ]
INFO: [ view_parse ] --START--
INFO: [ template_filter ] --START--
INFO: Run Behavior\ContentReplaceBehavior [ RunTime:0.002001s ]
INFO: [ template_filter ] --END-- [ RunTime:0.002001s ]
INFO: Run Behavior\ParseTemplateBehavior [ RunTime:0.008001s ]
INFO: [ view_parse ] --END-- [ RunTime:0.008001s ]
INFO: [ view_filter ] --START--
INFO: Run Behavior\WriteHtmlCacheBehavior [ RunTime:0.000000s ]
INFO: [ view_filter ] --END-- [ RunTime:0.001000s ]
INFO: [ app_end ] --START--
INFO: Run Behavior\ShowPageTraceBehavior [ RunTime:0.001000s ]
INFO: [ app_end ] --END-- [ RunTime:0.001000s ]

[ 2016-03-02T09:49:32+08:00 ] ::1 /curd_sql/
INFO: [ app_init ] --START--
INFO: Run Behavior\BuildLiteBehavior [ RunTime:0.000000s ]
INFO: [ app_init ] --END-- [ RunTime:0.001000s ]
INFO: [ app_begin ] --START--
INFO: Run Behavior\ReadHtmlCacheBehavior [ RunTime:0.001000s ]
INFO: [ app_begin ] --END-- [ RunTime:0.001000s ]

[ 2016-03-02T09:49:57+08:00 ] ::1 /curd_sql/
INFO: [ app_init ] --START--
INFO: Run Behavior\BuildLiteBehavior [ RunTime:0.000000s ]
INFO: [ app_init ] --END-- [ RunTime:0.000000s ]
INFO: [ app_begin ] --START--
INFO: Run Behavior\ReadHtmlCacheBehavior [ RunTime:0.001000s ]
INFO: [ app_begin ] --END-- [ RunTime:0.001000s ]
ERR: 无法加载数据库驱动: Think\Db\Driver\

[ 2016-03-02T09:50:31+08:00 ] ::1 /curd_sql/
INFO: [ app_init ] --START--
INFO: Run Behavior\BuildLiteBehavior [ RunTime:0.000000s ]
INFO: [ app_init ] --END-- [ RunTime:0.001000s ]
INFO: [ app_begin ] --START--
INFO: Run Behavior\ReadHtmlCacheBehavior [ RunTime:0.001000s ]
INFO: [ app_begin ] --END-- [ RunTime:0.001000s ]
ERR: 无法加载数据库驱动: Think\Db\Driver\

[ 2016-03-02T09:51:31+08:00 ] ::1 /curd_sql/
ERR: 1364:Field 'id' doesn't have a default value
 [ SQL语句 ] : INSERT INTO `jike_user` (`username`,`password`,`email`) VALUES ('tom','698d51a19d8a121ce581499d7b701668','tom@qq.com')

[ 2016-03-02T09:53:23+08:00 ] ::1 /curd_sql/
ERR: 1292:Incorrect date value: '1456883603' for column 'create_time' at row 1
 [ SQL语句 ] : INSERT INTO `jike_user` (`id`,`username`,`password`,`email`,`create_time`,`status`) VALUES ('1','tom','698d51a19d8a121ce581499d7b701668','tom@qq.com','1456883603','1')

[ 2016-03-02T09:53:56+08:00 ] ::1 /curd_sql/
ERR: 1364:Field 'id' doesn't have a default value
 [ SQL语句 ] : INSERT INTO `jike_user` (`username`,`password`,`email`,`create_time`,`status`) VALUES ('peng','698d51a19d8a121ce581499d7b701668','peng@qq.com','1456883636','1')

[ 2016-03-02T09:54:33+08:00 ] ::1 /curd_sql/
ERR: 1292:Incorrect date value: '1456883673' for column 'create_time' at row 1
 [ SQL语句 ] : INSERT INTO `jike_user` (`username`,`password`,`email`,`create_time`,`status`) VALUES ('peng','698d51a19d8a121ce581499d7b701668','peng@qq.com','1456883673','1')

[ 2016-03-02T09:56:49+08:00 ] ::1 /curd_sql/
ERR: 1292:Incorrect date value: '' for column 'create_time' at row 1
 [ SQL语句 ] : INSERT INTO `jike_user` (`username`,`password`,`email`,`create_time`,`status`) VALUES ('peng','698d51a19d8a121ce581499d7b701668','peng@qq.com','','1')

[ 2016-03-02T10:45:16+08:00 ] ::1 /curd_sql/
ERR: Think\Model:getLatestUsers方法不存在！

[ 2016-03-02T10:47:32+08:00 ] ::1 /curd_sql/
ERR: Think\Model:getLatestUsers方法不存在！

[ 2016-03-02T10:50:36+08:00 ] ::1 /curd_sql/
ERR: 模板不存在:./APP/Home/View/Index/index.html

[ 2016-03-02T10:51:31+08:00 ] ::1 /curd_sql/
ERR: 模板不存在:./APP/Home/View/Index/index.html

[ 2016-03-02T10:51:33+08:00 ] ::1 /curd_sql/
ERR: 模板不存在:./APP/Home/View/Index/index.html

[ 2016-03-02T10:57:38+08:00 ] ::1 /curd_sql/
ERR: 1054:Unknown column 'score' in 'order clause'
 [ SQL语句 ] : SELECT * FROM `jike_user` WHERE ( create_time<1420041600 ) ORDER BY score desc LIMIT 10  

[ 2016-03-02T11:05:29+08:00 ] ::1 /curd_sql/
ERR: 1054:Unknown column 'score' in 'order clause'
 [ SQL语句 ] : SELECT * FROM `jike_user` ORDER BY score desc LIMIT 10  

