[ 2016-02-23T10:17:45+08:00 ] 127.0.0.1 /test/index.php?m=index&a=test
INFO: [ app_init ] --START--
INFO: Run Behavior\BuildLiteBehavior [ RunTime:0.000000s ]
INFO: [ app_init ] --END-- [ RunTime:0.001000s ]
ERR: 无法加载模块:Index

[ 2016-02-23T10:18:25+08:00 ] 127.0.0.1 /test/index.php?m=index&a=test
INFO: [ app_init ] --START--
INFO: Run Behavior\BuildLiteBehavior [ RunTime:0.000000s ]
INFO: [ app_init ] --END-- [ RunTime:0.001000s ]
ERR: 无法加载模块:Index

[ 2016-02-23T10:19:13+08:00 ] 127.0.0.1 /test/index.php?m=index&c=test
INFO: [ app_init ] --START--
INFO: Run Behavior\BuildLiteBehavior [ RunTime:0.000000s ]
INFO: [ app_init ] --END-- [ RunTime:0.000000s ]
ERR: 无法加载模块:Index

[ 2016-02-23T10:22:25+08:00 ] 127.0.0.1 /test/index.php?m=index&c=test
INFO: [ app_init ] --START--
INFO: Run Behavior\BuildLiteBehavior [ RunTime:0.000000s ]
INFO: [ app_init ] --END-- [ RunTime:0.001000s ]
ERR: 无法加载模块:Index

[ 2016-02-23T10:22:26+08:00 ] 127.0.0.1 /test/index.php?m=index&c=test
INFO: [ app_init ] --START--
INFO: Run Behavior\BuildLiteBehavior [ RunTime:0.000000s ]
INFO: [ app_init ] --END-- [ RunTime:0.001000s ]
ERR: 无法加载模块:Index

[ 2016-02-23T10:22:26+08:00 ] 127.0.0.1 /test/index.php?m=index&c=test
INFO: [ app_init ] --START--
INFO: Run Behavior\BuildLiteBehavior [ RunTime:0.000000s ]
INFO: [ app_init ] --END-- [ RunTime:0.001000s ]
ERR: 无法加载模块:Index

[ 2016-02-23T10:22:26+08:00 ] 127.0.0.1 /test/index.php?m=index&c=test
INFO: [ app_init ] --START--
INFO: Run Behavior\BuildLiteBehavior [ RunTime:0.000000s ]
INFO: [ app_init ] --END-- [ RunTime:0.001000s ]
ERR: 无法加载模块:Index

