[ 2016-06-03T08:57:02+08:00 ] 127.0.0.1 /index.php?m=Admin&c=Public&a=login
INFO: [ view_parse ] --START--
INFO: [ template_filter ] --START--
INFO: Run Behavior\ContentReplaceBehavior [ RunTime:0.017001s ]
INFO: [ template_filter ] --END-- [ RunTime:0.017001s ]
INFO: Run Behavior\ParseTemplateBehavior [ RunTime:0.068004s ]
INFO: [ view_parse ] --END-- [ RunTime:0.068004s ]
INFO: [ view_filter ] --START--
INFO: Run Behavior\WriteHtmlCacheBehavior [ RunTime:0.001000s ]
INFO: [ view_filter ] --END-- [ RunTime:0.001000s ]
INFO: [ app_end ] --START--
INFO: Run Behavior\ShowPageTraceBehavior [ RunTime:0.016001s ]
INFO: [ app_end ] --END-- [ RunTime:0.016001s ]

[ 2016-06-03T08:57:15+08:00 ] 127.0.0.1 /index.php?m=Admin&c=Public&a=login
SQL: SHOW COLUMNS FROM `hht_user` [ RunTime:0.1670s ]
SQL: SELECT * FROM `hht_user` WHERE `username` = 'admin' AND `password` = 'e10adc3949ba59abbe56e057f20f883e' AND `status` = 1 LIMIT 1   [ RunTime:0.0000s ]
SQL: SHOW COLUMNS FROM `hht_auth_group_access` [ RunTime:0.0230s ]
SQL: SELECT * FROM `hht_auth_group_access` WHERE `uid` = 1 LIMIT 1   [ RunTime:0.0000s ]
SQL: SHOW COLUMNS FROM `hht_auth_group` [ RunTime:0.0230s ]
SQL: SELECT * FROM `hht_auth_group` WHERE `id` = 1 LIMIT 1   [ RunTime:0.0000s ]
SQL: SHOW COLUMNS FROM `hht_action` [ RunTime:0.0360s ]
SQL: SELECT * FROM `hht_action` WHERE `name` = 'Admin_Login' LIMIT 1   [ RunTime:0.0000s ]
SQL: SELECT `nickname` FROM `hht_user` WHERE `id` = 1 LIMIT 1   [ RunTime:0.0010s ]
NOTIC: [2] call_user_func() expects parameter 1 to be a valid callback, function 'time_format' not found or invalid function name E:\Work\PHP_WEB\ace_ismart\App\Common\Common\function.php 第 244 行.
SQL: SHOW COLUMNS FROM `hht_action_log` [ RunTime:0.0340s ]
SQL: INSERT INTO `hht_action_log` (`action_id`,`user_id`,`action_ip`,`model`,`record_id`,`create_time`,`remark`) VALUES ('1','1','127.0.0.1','User','1','1464915434','系统创始人在登录了后台') [ RunTime:0.0140s ]
INFO: [ view_parse ] --START--
INFO: [ template_filter ] --START--
INFO: Run Behavior\ContentReplaceBehavior [ RunTime:0.000000s ]
INFO: [ template_filter ] --END-- [ RunTime:0.000000s ]
INFO: Run Behavior\ParseTemplateBehavior [ RunTime:0.032002s ]
INFO: [ view_parse ] --END-- [ RunTime:0.032002s ]
INFO: [ view_filter ] --START--
INFO: Run Behavior\WriteHtmlCacheBehavior [ RunTime:0.001000s ]
INFO: [ view_filter ] --END-- [ RunTime:0.001000s ]
INFO: [ app_end ] --START--
INFO: Run Behavior\ShowPageTraceBehavior [ RunTime:0.001000s ]
INFO: [ app_end ] --END-- [ RunTime:0.001000s ]

[ 2016-06-03T08:57:16+08:00 ] 127.0.0.1 /index.php?m=Admin&c=Index&a=index
SQL: SHOW COLUMNS FROM `hht_auth_rule` [ RunTime:0.0450s ]
SQL: SELECT `id`,`pid`,`name`,`title`,`icon` FROM `hht_auth_rule` WHERE `hide` = 0 AND `status` = 1 ORDER BY sort asc  [ RunTime:0.0080s ]
INFO: [ view_parse ] --START--
INFO: [ template_filter ] --START--
INFO: Run Behavior\ContentReplaceBehavior [ RunTime:0.000000s ]
INFO: [ template_filter ] --END-- [ RunTime:0.000000s ]
INFO: Run Behavior\ParseTemplateBehavior [ RunTime:0.031001s ]
INFO: [ view_parse ] --END-- [ RunTime:0.031001s ]
INFO: [ view_filter ] --START--
INFO: Run Behavior\WriteHtmlCacheBehavior [ RunTime:0.001000s ]
INFO: [ view_filter ] --END-- [ RunTime:0.001000s ]
INFO: [ app_end ] --START--
INFO: Run Behavior\ShowPageTraceBehavior [ RunTime:0.001000s ]
INFO: [ app_end ] --END-- [ RunTime:0.001000s ]

[ 2016-06-03T08:57:17+08:00 ] 127.0.0.1 /index.php?m=Admin&c=Index&a=main
SQL: SHOW COLUMNS FROM `hht_auth_rule` [ RunTime:0.0040s ]
SQL: SELECT `id`,`pid`,`name`,`title`,`icon` FROM `hht_auth_rule` WHERE `hide` = 0 AND `status` = 1 ORDER BY sort asc  [ RunTime:0.0010s ]
INFO: [ view_parse ] --START--
INFO: [ template_filter ] --START--
INFO: Run Behavior\ContentReplaceBehavior [ RunTime:0.000000s ]
INFO: [ template_filter ] --END-- [ RunTime:0.001000s ]
INFO: [ AdminIndex ] --START--
NOTIC: [8192] mysql_get_server_info(): The mysql extension is deprecated and will be removed in the future: use mysqli or PDO instead E:\Work\PHP_WEB\ace_ismart\App\Addons\SiteStat\SiteStatAddon.class.php 第 44 行.
NOTIC: [2] mysql_get_server_info(): Access denied for user ''@'localhost' (using password: NO) E:\Work\PHP_WEB\ace_ismart\App\Addons\SiteStat\SiteStatAddon.class.php 第 44 行.
NOTIC: [2] mysql_get_server_info(): A link to the server could not be established E:\Work\PHP_WEB\ace_ismart\App\Addons\SiteStat\SiteStatAddon.class.php 第 44 行.
INFO: [ view_parse ] --START--
INFO: [ template_filter ] --START--
INFO: Run Behavior\ContentReplaceBehavior [ RunTime:0.000000s ]
INFO: [ template_filter ] --END-- [ RunTime:-0.098006s ]
INFO: Run Behavior\ParseTemplateBehavior [ RunTime:0.031002s ]
INFO: [ view_parse ] --END-- [ RunTime:0.031002s ]
INFO: [ view_filter ] --START--
INFO: Run Behavior\WriteHtmlCacheBehavior [ RunTime:0.001000s ]
INFO: [ view_filter ] --END-- [ RunTime:0.001000s ]
INFO: Run Addons\SiteStat\SiteStatAddon [ RunTime:0.102006s ]
INFO: [ AdminIndex ] --END-- [ RunTime:0.102006s ]
INFO: Run Behavior\ParseTemplateBehavior [ RunTime:0.032002s ]
INFO: [ view_parse ] --END-- [ RunTime:0.031002s ]
INFO: [ view_filter ] --START--
INFO: Run Behavior\WriteHtmlCacheBehavior [ RunTime:0.000000s ]
INFO: [ view_filter ] --END-- [ RunTime:0.000000s ]
INFO: [ app_end ] --START--
INFO: Run Behavior\ShowPageTraceBehavior [ RunTime:0.001000s ]
INFO: [ app_end ] --END-- [ RunTime:0.001000s ]

[ 2016-06-03T08:57:20+08:00 ] 127.0.0.1 /index.php?m=Admin&c=Model&a=index
SQL: SHOW COLUMNS FROM `hht_auth_rule` [ RunTime:0.0050s ]
SQL: SELECT `id`,`pid`,`name`,`title`,`icon` FROM `hht_auth_rule` WHERE `hide` = 0 AND `status` = 1 ORDER BY sort asc  [ RunTime:0.0010s ]
SQL: SHOW COLUMNS FROM `hht_model` [ RunTime:0.0550s ]
INFO: [ view_parse ] --START--
INFO: [ template_filter ] --START--
INFO: Run Behavior\ContentReplaceBehavior [ RunTime:0.001000s ]
INFO: [ template_filter ] --END-- [ RunTime:0.001000s ]
INFO: Run Behavior\ParseTemplateBehavior [ RunTime:0.019002s ]
INFO: [ view_parse ] --END-- [ RunTime:0.019002s ]
INFO: [ view_filter ] --START--
INFO: Run Behavior\WriteHtmlCacheBehavior [ RunTime:0.001000s ]
INFO: [ view_filter ] --END-- [ RunTime:0.001000s ]
INFO: [ app_end ] --START--
INFO: Run Behavior\ShowPageTraceBehavior [ RunTime:0.002000s ]
INFO: [ app_end ] --END-- [ RunTime:0.002000s ]

[ 2016-06-03T08:57:20+08:00 ] 127.0.0.1 /index.php?m=Admin&c=Model&a=index
INFO: [ app_begin ] --START--
INFO: Run Behavior\ReadHtmlCacheBehavior [ RunTime:0.001000s ]
INFO: [ app_begin ] --END-- [ RunTime:0.001000s ]
INFO: [ action_begin ] --START--
SQL: SHOW COLUMNS FROM `hht_hooks` [ RunTime:0.0030s ]
SQL: SELECT `name`,`addons` FROM `hht_hooks`  [ RunTime:0.0000s ]
SQL: SHOW COLUMNS FROM `hht_addons` [ RunTime:0.0040s ]
SQL: SELECT `id`,`name` FROM `hht_addons` WHERE `status` = 1 AND `name` IN ('SiteStat')  [ RunTime:0.0020s ]
INFO: Run Common\Behavior\InitHookBehavior [ RunTime:0.019001s ]
INFO: [ action_begin ] --END-- [ RunTime:0.019001s ]
SQL: SHOW COLUMNS FROM `hht_auth_rule` [ RunTime:0.0050s ]
SQL: SELECT `id`,`pid`,`name`,`title`,`icon` FROM `hht_auth_rule` WHERE `hide` = 0 AND `status` = 1 ORDER BY sort asc  [ RunTime:0.0010s ]
SQL: SHOW COLUMNS FROM `hht_model` [ RunTime:0.0040s ]
SQL: SELECT COUNT(*) AS tp_count FROM `hht_model` WHERE `status` > -1 LIMIT 1   [ RunTime:0.0970s ]
SQL: SELECT * FROM `hht_model` WHERE `status` > -1 ORDER BY id desc LIMIT 0,20   [ RunTime:0.0010s ]

[ 2016-06-03T08:57:22+08:00 ] 127.0.0.1 /index.php?m=Admin&c=Model&a=add
SQL: SHOW COLUMNS FROM `hht_auth_rule` [ RunTime:0.0030s ]
SQL: SELECT `id`,`pid`,`name`,`title`,`icon` FROM `hht_auth_rule` WHERE `hide` = 0 AND `status` = 1 ORDER BY sort asc  [ RunTime:0.0010s ]
SQL: SHOW COLUMNS FROM `hht_model` [ RunTime:0.0030s ]
SQL: SHOW COLUMNS FROM `hht_model` [ RunTime:0.0030s ]
SQL: SELECT `id`,`name`,`title` FROM `hht_model` WHERE `is_extend` <> 0 AND `status` = 1  [ RunTime:0.0000s ]
INFO: [ view_parse ] --START--
INFO: [ template_filter ] --START--
INFO: Run Behavior\ContentReplaceBehavior [ RunTime:0.000000s ]
INFO: [ template_filter ] --END-- [ RunTime:0.000000s ]
INFO: Run Behavior\ParseTemplateBehavior [ RunTime:0.010001s ]
INFO: [ view_parse ] --END-- [ RunTime:0.010001s ]
INFO: [ view_filter ] --START--
INFO: Run Behavior\WriteHtmlCacheBehavior [ RunTime:0.000000s ]
INFO: [ view_filter ] --END-- [ RunTime:0.000000s ]
INFO: [ app_end ] --START--
INFO: Run Behavior\ShowPageTraceBehavior [ RunTime:0.000000s ]
INFO: [ app_end ] --END-- [ RunTime:0.000000s ]

[ 2016-06-03T08:57:24+08:00 ] 127.0.0.1 /index.php?m=Admin&c=Model&a=index
SQL: SHOW COLUMNS FROM `hht_auth_rule` [ RunTime:0.0030s ]
SQL: SELECT `id`,`pid`,`name`,`title`,`icon` FROM `hht_auth_rule` WHERE `hide` = 0 AND `status` = 1 ORDER BY sort asc  [ RunTime:0.0000s ]
SQL: SHOW COLUMNS FROM `hht_model` [ RunTime:0.0040s ]
INFO: [ view_parse ] --START--
INFO: [ template_filter ] --START--
INFO: Run Behavior\ContentReplaceBehavior [ RunTime:0.000000s ]
INFO: [ template_filter ] --END-- [ RunTime:0.001000s ]
INFO: Run Behavior\ParseTemplateBehavior [ RunTime:0.010001s ]
INFO: [ view_parse ] --END-- [ RunTime:0.010001s ]
INFO: [ view_filter ] --START--
INFO: Run Behavior\WriteHtmlCacheBehavior [ RunTime:0.001000s ]
INFO: [ view_filter ] --END-- [ RunTime:0.001000s ]
INFO: [ app_end ] --START--
INFO: Run Behavior\ShowPageTraceBehavior [ RunTime:0.001000s ]
INFO: [ app_end ] --END-- [ RunTime:0.001000s ]

[ 2016-06-03T08:57:25+08:00 ] 127.0.0.1 /index.php?m=Admin&c=Model&a=index
INFO: [ app_begin ] --START--
INFO: Run Behavior\ReadHtmlCacheBehavior [ RunTime:0.001000s ]
INFO: [ app_begin ] --END-- [ RunTime:0.001000s ]
INFO: [ action_begin ] --START--
SQL: SHOW COLUMNS FROM `hht_hooks` [ RunTime:0.0040s ]
SQL: SELECT `name`,`addons` FROM `hht_hooks`  [ RunTime:0.0010s ]
SQL: SHOW COLUMNS FROM `hht_addons` [ RunTime:0.0040s ]
SQL: SELECT `id`,`name` FROM `hht_addons` WHERE `status` = 1 AND `name` IN ('SiteStat')  [ RunTime:0.0010s ]
INFO: Run Common\Behavior\InitHookBehavior [ RunTime:0.019001s ]
INFO: [ action_begin ] --END-- [ RunTime:0.019001s ]
SQL: SHOW COLUMNS FROM `hht_auth_rule` [ RunTime:0.0050s ]
SQL: SELECT `id`,`pid`,`name`,`title`,`icon` FROM `hht_auth_rule` WHERE `hide` = 0 AND `status` = 1 ORDER BY sort asc  [ RunTime:0.0010s ]
SQL: SHOW COLUMNS FROM `hht_model` [ RunTime:0.0040s ]
SQL: SELECT COUNT(*) AS tp_count FROM `hht_model` WHERE `status` > -1 LIMIT 1   [ RunTime:0.0000s ]
SQL: SELECT * FROM `hht_model` WHERE `status` > -1 ORDER BY id desc LIMIT 0,20   [ RunTime:0.0010s ]

[ 2016-06-03T08:57:35+08:00 ] 127.0.0.1 /index.php?m=Admin&c=Config&a=group
SQL: SHOW COLUMNS FROM `hht_auth_rule` [ RunTime:0.0040s ]
SQL: SELECT `id`,`pid`,`name`,`title`,`icon` FROM `hht_auth_rule` WHERE `hide` = 0 AND `status` = 1 ORDER BY sort asc  [ RunTime:0.0010s ]
NOTIC: [2048] Declaration of Admin\Model\ConfigModel::cache() should be compatible with Think\Model::cache($key = true, $expire = NULL, $type = '') E:\Work\PHP_WEB\ace_ismart\App\Admin\Model\ConfigModel.class.php 第 29 行.
SQL: SHOW COLUMNS FROM `hht_config` [ RunTime:0.0550s ]
SQL: SHOW COLUMNS FROM `hht_config` [ RunTime:0.0070s ]
SQL: SELECT `id`,`name`,`title`,`extra`,`value`,`remark`,`type` FROM `hht_config` WHERE `status` = 1 AND `group` = 1 ORDER BY sort  [ RunTime:0.0120s ]
INFO: [ view_parse ] --START--
INFO: [ template_filter ] --START--
INFO: Run Behavior\ContentReplaceBehavior [ RunTime:0.001000s ]
INFO: [ template_filter ] --END-- [ RunTime:0.001000s ]
INFO: Run Behavior\ParseTemplateBehavior [ RunTime:0.046002s ]
INFO: [ view_parse ] --END-- [ RunTime:0.046002s ]
INFO: [ view_filter ] --START--
INFO: Run Behavior\WriteHtmlCacheBehavior [ RunTime:0.001001s ]
INFO: [ view_filter ] --END-- [ RunTime:0.001001s ]
INFO: [ app_end ] --START--
INFO: Run Behavior\ShowPageTraceBehavior [ RunTime:0.001000s ]
INFO: [ app_end ] --END-- [ RunTime:0.001000s ]

[ 2016-06-03T08:57:37+08:00 ] 127.0.0.1 /index.php?m=Admin&c=AuthRule&a=index
SQL: SHOW COLUMNS FROM `hht_auth_rule` [ RunTime:0.0030s ]
SQL: SELECT `id`,`pid`,`name`,`title`,`icon` FROM `hht_auth_rule` WHERE `hide` = 0 AND `status` = 1 ORDER BY sort asc  [ RunTime:0.0000s ]
SQL: SHOW COLUMNS FROM `hht_auth_rule` [ RunTime:0.0030s ]
INFO: [ view_parse ] --START--
INFO: [ template_filter ] --START--
INFO: Run Behavior\ContentReplaceBehavior [ RunTime:0.000000s ]
INFO: [ template_filter ] --END-- [ RunTime:0.000000s ]
INFO: Run Behavior\ParseTemplateBehavior [ RunTime:0.079005s ]
INFO: [ view_parse ] --END-- [ RunTime:0.079005s ]
INFO: [ view_filter ] --START--
INFO: Run Behavior\WriteHtmlCacheBehavior [ RunTime:0.001000s ]
INFO: [ view_filter ] --END-- [ RunTime:0.001000s ]
INFO: [ app_end ] --START--
INFO: Run Behavior\ShowPageTraceBehavior [ RunTime:0.002000s ]
INFO: [ app_end ] --END-- [ RunTime:0.002000s ]

[ 2016-06-03T08:57:38+08:00 ] 127.0.0.1 /index.php?m=Admin&c=AuthRule&a=index
INFO: [ app_begin ] --START--
INFO: Run Behavior\ReadHtmlCacheBehavior [ RunTime:0.001000s ]
INFO: [ app_begin ] --END-- [ RunTime:0.001000s ]
INFO: [ action_begin ] --START--
SQL: SHOW COLUMNS FROM `hht_hooks` [ RunTime:0.0040s ]
SQL: SELECT `name`,`addons` FROM `hht_hooks`  [ RunTime:0.0010s ]
SQL: SHOW COLUMNS FROM `hht_addons` [ RunTime:0.0040s ]
SQL: SELECT `id`,`name` FROM `hht_addons` WHERE `status` = 1 AND `name` IN ('SiteStat')  [ RunTime:0.0000s ]
INFO: Run Common\Behavior\InitHookBehavior [ RunTime:0.028001s ]
INFO: [ action_begin ] --END-- [ RunTime:0.028001s ]
SQL: SHOW COLUMNS FROM `hht_auth_rule` [ RunTime:0.0040s ]
SQL: SELECT `id`,`pid`,`name`,`title`,`icon` FROM `hht_auth_rule` WHERE `hide` = 0 AND `status` = 1 ORDER BY sort asc  [ RunTime:0.0000s ]
SQL: SHOW COLUMNS FROM `hht_auth_rule` [ RunTime:0.0030s ]
SQL: SELECT `id`,`pid`,`title`,`name`,`icon`,`type`,`hide`,`status` FROM `hht_auth_rule` ORDER BY sort asc  [ RunTime:0.0010s ]

[ 2016-06-03T08:57:39+08:00 ] 127.0.0.1 /index.php?m=Admin&c=Config&a=index
SQL: SHOW COLUMNS FROM `hht_auth_rule` [ RunTime:0.0030s ]
SQL: SELECT `id`,`pid`,`name`,`title`,`icon` FROM `hht_auth_rule` WHERE `hide` = 0 AND `status` = 1 ORDER BY sort asc  [ RunTime:0.0010s ]
NOTIC: [2048] Declaration of Admin\Model\ConfigModel::cache() should be compatible with Think\Model::cache($key = true, $expire = NULL, $type = '') E:\Work\PHP_WEB\ace_ismart\App\Admin\Model\ConfigModel.class.php 第 29 行.
SQL: SHOW COLUMNS FROM `hht_config` [ RunTime:0.0030s ]
INFO: [ view_parse ] --START--
INFO: [ template_filter ] --START--
INFO: Run Behavior\ContentReplaceBehavior [ RunTime:0.001000s ]
INFO: [ template_filter ] --END-- [ RunTime:0.001000s ]
INFO: Run Behavior\ParseTemplateBehavior [ RunTime:0.024001s ]
INFO: [ view_parse ] --END-- [ RunTime:0.024001s ]
INFO: [ view_filter ] --START--
INFO: Run Behavior\WriteHtmlCacheBehavior [ RunTime:0.001000s ]
INFO: [ view_filter ] --END-- [ RunTime:0.001000s ]
INFO: [ app_end ] --START--
INFO: Run Behavior\ShowPageTraceBehavior [ RunTime:0.001000s ]
INFO: [ app_end ] --END-- [ RunTime:0.001000s ]

[ 2016-06-03T08:57:39+08:00 ] 127.0.0.1 /index.php?m=Admin&c=Function&a=get_config&cname=CONFIG_TYPE_LIST|type|title&r_type=json
INFO: [ app_begin ] --START--
INFO: Run Behavior\ReadHtmlCacheBehavior [ RunTime:0.000000s ]
INFO: [ app_begin ] --END-- [ RunTime:0.001000s ]
INFO: [ action_begin ] --START--
SQL: SHOW COLUMNS FROM `hht_hooks` [ RunTime:0.0030s ]
SQL: SELECT `name`,`addons` FROM `hht_hooks`  [ RunTime:0.0000s ]
SQL: SHOW COLUMNS FROM `hht_addons` [ RunTime:0.0030s ]
SQL: SELECT `id`,`name` FROM `hht_addons` WHERE `status` = 1 AND `name` IN ('SiteStat')  [ RunTime:0.0010s ]
INFO: Run Common\Behavior\InitHookBehavior [ RunTime:0.015001s ]
INFO: [ action_begin ] --END-- [ RunTime:0.015001s ]

[ 2016-06-03T08:57:39+08:00 ] 127.0.0.1 /index.php?m=Admin&c=Function&a=get_config&cname=CONFIG_GROUP_LIST|group|title&r_type=json
INFO: [ app_begin ] --START--
INFO: Run Behavior\ReadHtmlCacheBehavior [ RunTime:0.000000s ]
INFO: [ app_begin ] --END-- [ RunTime:0.001000s ]
INFO: [ action_begin ] --START--
SQL: SHOW COLUMNS FROM `hht_hooks` [ RunTime:0.0030s ]
SQL: SELECT `name`,`addons` FROM `hht_hooks`  [ RunTime:0.0000s ]
SQL: SHOW COLUMNS FROM `hht_addons` [ RunTime:0.0030s ]
SQL: SELECT `id`,`name` FROM `hht_addons` WHERE `status` = 1 AND `name` IN ('SiteStat')  [ RunTime:0.0000s ]
INFO: Run Common\Behavior\InitHookBehavior [ RunTime:0.026001s ]
INFO: [ action_begin ] --END-- [ RunTime:0.026001s ]

[ 2016-06-03T08:57:39+08:00 ] 127.0.0.1 /index.php?m=Admin&c=Config&a=index
INFO: [ app_begin ] --START--
INFO: Run Behavior\ReadHtmlCacheBehavior [ RunTime:0.000000s ]
INFO: [ app_begin ] --END-- [ RunTime:0.002000s ]
INFO: [ action_begin ] --START--
SQL: SHOW COLUMNS FROM `hht_hooks` [ RunTime:0.0040s ]
SQL: SELECT `name`,`addons` FROM `hht_hooks`  [ RunTime:0.0000s ]
SQL: SHOW COLUMNS FROM `hht_addons` [ RunTime:0.0030s ]
SQL: SELECT `id`,`name` FROM `hht_addons` WHERE `status` = 1 AND `name` IN ('SiteStat')  [ RunTime:0.0010s ]
INFO: Run Common\Behavior\InitHookBehavior [ RunTime:0.018001s ]
INFO: [ action_begin ] --END-- [ RunTime:0.018001s ]
SQL: SHOW COLUMNS FROM `hht_auth_rule` [ RunTime:0.0040s ]
SQL: SELECT `id`,`pid`,`name`,`title`,`icon` FROM `hht_auth_rule` WHERE `hide` = 0 AND `status` = 1 ORDER BY sort asc  [ RunTime:0.0010s ]
NOTIC: [2048] Declaration of Admin\Model\ConfigModel::cache() should be compatible with Think\Model::cache($key = true, $expire = NULL, $type = '') E:\Work\PHP_WEB\ace_ismart\App\Admin\Model\ConfigModel.class.php 第 29 行.
SQL: SHOW COLUMNS FROM `hht_config` [ RunTime:0.0050s ]
SQL: SELECT COUNT(*) AS tp_count FROM `hht_config` WHERE `status` > -1 LIMIT 1   [ RunTime:0.0000s ]
SQL: SELECT * FROM `hht_config` WHERE `status` > -1 ORDER BY id desc LIMIT 0,20   [ RunTime:0.0000s ]

[ 2016-06-03T08:57:40+08:00 ] 127.0.0.1 /index.php?m=Admin&c=Hooks&a=index
SQL: SHOW COLUMNS FROM `hht_auth_rule` [ RunTime:0.0040s ]
SQL: SELECT `id`,`pid`,`name`,`title`,`icon` FROM `hht_auth_rule` WHERE `hide` = 0 AND `status` = 1 ORDER BY sort asc  [ RunTime:0.0010s ]
SQL: SHOW COLUMNS FROM `hht_hooks` [ RunTime:0.0050s ]
INFO: [ view_parse ] --START--
INFO: [ template_filter ] --START--
INFO: Run Behavior\ContentReplaceBehavior [ RunTime:0.000000s ]
INFO: [ template_filter ] --END-- [ RunTime:0.000000s ]
INFO: Run Behavior\ParseTemplateBehavior [ RunTime:0.012001s ]
INFO: [ view_parse ] --END-- [ RunTime:0.012001s ]
INFO: [ view_filter ] --START--
INFO: Run Behavior\WriteHtmlCacheBehavior [ RunTime:0.000000s ]
INFO: [ view_filter ] --END-- [ RunTime:0.000000s ]
INFO: [ app_end ] --START--
INFO: Run Behavior\ShowPageTraceBehavior [ RunTime:0.001000s ]
INFO: [ app_end ] --END-- [ RunTime:0.001000s ]

[ 2016-06-03T08:57:40+08:00 ] 127.0.0.1 /index.php?m=Admin&c=Hooks&a=index
INFO: [ app_begin ] --START--
INFO: Run Behavior\ReadHtmlCacheBehavior [ RunTime:0.000000s ]
INFO: [ app_begin ] --END-- [ RunTime:0.001000s ]
INFO: [ action_begin ] --START--
SQL: SHOW COLUMNS FROM `hht_hooks` [ RunTime:0.0040s ]
SQL: SELECT `name`,`addons` FROM `hht_hooks`  [ RunTime:0.0000s ]
SQL: SHOW COLUMNS FROM `hht_addons` [ RunTime:0.0040s ]
SQL: SELECT `id`,`name` FROM `hht_addons` WHERE `status` = 1 AND `name` IN ('SiteStat')  [ RunTime:0.0000s ]
INFO: Run Common\Behavior\InitHookBehavior [ RunTime:0.026002s ]
INFO: [ action_begin ] --END-- [ RunTime:0.026002s ]
SQL: SHOW COLUMNS FROM `hht_auth_rule` [ RunTime:0.0030s ]
SQL: SELECT `id`,`pid`,`name`,`title`,`icon` FROM `hht_auth_rule` WHERE `hide` = 0 AND `status` = 1 ORDER BY sort asc  [ RunTime:0.0000s ]
SQL: SHOW COLUMNS FROM `hht_hooks` [ RunTime:0.0030s ]
NOTIC: [8] Undefined index: s_name E:\Work\PHP_WEB\ace_ismart\App\Admin\Controller\HooksController.class.php 第 60 行.
NOTIC: [8] Undefined index: s_description E:\Work\PHP_WEB\ace_ismart\App\Admin\Controller\HooksController.class.php 第 64 行.
NOTIC: [8] Undefined index: s_type E:\Work\PHP_WEB\ace_ismart\App\Admin\Controller\HooksController.class.php 第 68 行.
NOTIC: [8] Undefined index: s_update_time_min E:\Work\PHP_WEB\ace_ismart\App\Admin\Controller\HooksController.class.php 第 72 行.
NOTIC: [8] Undefined index: s_update_time_max E:\Work\PHP_WEB\ace_ismart\App\Admin\Controller\HooksController.class.php 第 75 行.
NOTIC: [8] Undefined index: s_addons E:\Work\PHP_WEB\ace_ismart\App\Admin\Controller\HooksController.class.php 第 79 行.
NOTIC: [8] Undefined index: s_status E:\Work\PHP_WEB\ace_ismart\App\Admin\Controller\HooksController.class.php 第 83 行.
SQL: SELECT COUNT(*) AS tp_count FROM `hht_hooks` LIMIT 1   [ RunTime:0.0000s ]
SQL: SELECT * FROM `hht_hooks` ORDER BY id desc LIMIT 0,20   [ RunTime:0.0000s ]

[ 2016-06-03T08:57:53+08:00 ] 127.0.0.1 /index.php?m=Admin&c=Categroy&a=index
SQL: SHOW COLUMNS FROM `hht_auth_rule` [ RunTime:0.0030s ]
SQL: SELECT `id`,`pid`,`name`,`title`,`icon` FROM `hht_auth_rule` WHERE `hide` = 0 AND `status` = 1 ORDER BY sort asc  [ RunTime:0.0010s ]
SQL: SHOW COLUMNS FROM `hht_categroy` [ RunTime:0.0290s ]
INFO: [ view_parse ] --START--
INFO: [ template_filter ] --START--
INFO: Run Behavior\ContentReplaceBehavior [ RunTime:0.000000s ]
INFO: [ template_filter ] --END-- [ RunTime:0.000000s ]
INFO: Run Behavior\ParseTemplateBehavior [ RunTime:0.023001s ]
INFO: [ view_parse ] --END-- [ RunTime:0.023001s ]
INFO: [ view_filter ] --START--
INFO: Run Behavior\WriteHtmlCacheBehavior [ RunTime:0.001000s ]
INFO: [ view_filter ] --END-- [ RunTime:0.001000s ]
INFO: [ app_end ] --START--
INFO: Run Behavior\ShowPageTraceBehavior [ RunTime:0.000000s ]
INFO: [ app_end ] --END-- [ RunTime:0.000000s ]

[ 2016-06-03T08:57:53+08:00 ] 127.0.0.1 /index.php?m=Admin&c=Categroy&a=index
INFO: [ app_begin ] --START--
INFO: Run Behavior\ReadHtmlCacheBehavior [ RunTime:0.000000s ]
INFO: [ app_begin ] --END-- [ RunTime:0.000000s ]
INFO: [ action_begin ] --START--
SQL: SHOW COLUMNS FROM `hht_hooks` [ RunTime:0.0050s ]
SQL: SELECT `name`,`addons` FROM `hht_hooks`  [ RunTime:0.0000s ]
SQL: SHOW COLUMNS FROM `hht_addons` [ RunTime:0.0030s ]
SQL: SELECT `id`,`name` FROM `hht_addons` WHERE `status` = 1 AND `name` IN ('SiteStat')  [ RunTime:0.0010s ]
INFO: Run Common\Behavior\InitHookBehavior [ RunTime:0.018001s ]
INFO: [ action_begin ] --END-- [ RunTime:0.018001s ]
SQL: SHOW COLUMNS FROM `hht_auth_rule` [ RunTime:0.0030s ]
SQL: SELECT `id`,`pid`,`name`,`title`,`icon` FROM `hht_auth_rule` WHERE `hide` = 0 AND `status` = 1 ORDER BY sort asc  [ RunTime:0.0010s ]
SQL: SHOW COLUMNS FROM `hht_categroy` [ RunTime:0.0030s ]
SQL: SELECT `id`,`pid`,`icon`,`catname`,`sort`,`ismenu`,`status`,`url_name` FROM `hht_categroy` ORDER BY sort asc  [ RunTime:0.0750s ]

[ 2016-06-03T08:57:59+08:00 ] 127.0.0.1 /index.php?m=Admin&c=Model&a=index
SQL: SHOW COLUMNS FROM `hht_auth_rule` [ RunTime:0.0040s ]
SQL: SELECT `id`,`pid`,`name`,`title`,`icon` FROM `hht_auth_rule` WHERE `hide` = 0 AND `status` = 1 ORDER BY sort asc  [ RunTime:0.0010s ]
SQL: SHOW COLUMNS FROM `hht_model` [ RunTime:0.0040s ]
INFO: [ view_parse ] --START--
INFO: [ template_filter ] --START--
INFO: Run Behavior\ContentReplaceBehavior [ RunTime:0.000000s ]
INFO: [ template_filter ] --END-- [ RunTime:0.000000s ]
INFO: Run Behavior\ParseTemplateBehavior [ RunTime:0.010000s ]
INFO: [ view_parse ] --END-- [ RunTime:0.010000s ]
INFO: [ view_filter ] --START--
INFO: Run Behavior\WriteHtmlCacheBehavior [ RunTime:0.000000s ]
INFO: [ view_filter ] --END-- [ RunTime:0.000000s ]
INFO: [ app_end ] --START--
INFO: Run Behavior\ShowPageTraceBehavior [ RunTime:0.001000s ]
INFO: [ app_end ] --END-- [ RunTime:0.001000s ]

[ 2016-06-03T08:57:59+08:00 ] 127.0.0.1 /index.php?m=Admin&c=Model&a=index
INFO: [ app_begin ] --START--
INFO: Run Behavior\ReadHtmlCacheBehavior [ RunTime:0.001000s ]
INFO: [ app_begin ] --END-- [ RunTime:0.001000s ]
INFO: [ action_begin ] --START--
SQL: SHOW COLUMNS FROM `hht_hooks` [ RunTime:0.0040s ]
SQL: SELECT `name`,`addons` FROM `hht_hooks`  [ RunTime:0.0000s ]
SQL: SHOW COLUMNS FROM `hht_addons` [ RunTime:0.0030s ]
SQL: SELECT `id`,`name` FROM `hht_addons` WHERE `status` = 1 AND `name` IN ('SiteStat')  [ RunTime:0.0000s ]
INFO: Run Common\Behavior\InitHookBehavior [ RunTime:0.025001s ]
INFO: [ action_begin ] --END-- [ RunTime:0.025001s ]
SQL: SHOW COLUMNS FROM `hht_auth_rule` [ RunTime:0.0040s ]
SQL: SELECT `id`,`pid`,`name`,`title`,`icon` FROM `hht_auth_rule` WHERE `hide` = 0 AND `status` = 1 ORDER BY sort asc  [ RunTime:0.0010s ]
SQL: SHOW COLUMNS FROM `hht_model` [ RunTime:0.0040s ]
SQL: SELECT COUNT(*) AS tp_count FROM `hht_model` WHERE `status` > -1 LIMIT 1   [ RunTime:0.0000s ]
SQL: SELECT * FROM `hht_model` WHERE `status` > -1 ORDER BY id desc LIMIT 0,20   [ RunTime:0.0000s ]

