[ 2016-07-05T09:25:39+08:00 ] 127.0.0.1 /index.php?m=Admin&c=Public&a=login
INFO: [ view_parse ] --START--
INFO: [ template_filter ] --START--
INFO: Run Behavior\ContentReplaceBehavior [ RunTime:0.000000s ]
INFO: [ template_filter ] --END-- [ RunTime:0.000000s ]
INFO: Run Behavior\ParseTemplateBehavior [ RunTime:0.024002s ]
INFO: [ view_parse ] --END-- [ RunTime:0.024002s ]
INFO: [ view_filter ] --START--
INFO: Run Behavior\WriteHtmlCacheBehavior [ RunTime:0.001000s ]
INFO: [ view_filter ] --END-- [ RunTime:0.001000s ]
INFO: [ app_end ] --START--
INFO: Run Behavior\ShowPageTraceBehavior [ RunTime:0.004000s ]
INFO: [ app_end ] --END-- [ RunTime:0.004000s ]

[ 2016-07-05T09:25:46+08:00 ] 127.0.0.1 /index.php?m=Admin&c=Public&a=login
SQL: SHOW COLUMNS FROM `hht_user` [ RunTime:0.4420s ]
SQL: SELECT * FROM `hht_user` WHERE `username` = 'admin' AND `password` = 'e10adc3949ba59abbe56e057f20f883e' AND `status` = 1 LIMIT 1   [ RunTime:0.0010s ]
SQL: SHOW COLUMNS FROM `hht_auth_group_access` [ RunTime:0.1740s ]
SQL: SELECT * FROM `hht_auth_group_access` WHERE `uid` = 1 LIMIT 1   [ RunTime:0.0010s ]
SQL: SHOW COLUMNS FROM `hht_auth_group` [ RunTime:0.0320s ]
SQL: SELECT * FROM `hht_auth_group` WHERE `id` = 1 LIMIT 1   [ RunTime:0.0000s ]
SQL: SHOW COLUMNS FROM `hht_action` [ RunTime:0.0340s ]
SQL: SELECT * FROM `hht_action` WHERE `name` = 'Admin_Login' LIMIT 1   [ RunTime:0.0000s ]
SQL: SELECT `nickname` FROM `hht_user` WHERE `id` = 1 LIMIT 1   [ RunTime:0.0000s ]
NOTIC: [2] call_user_func() expects parameter 1 to be a valid callback, function 'time_format' not found or invalid function name E:\Work\PHP_WEB\ace_ismart\App\Common\Common\function.php 第 244 行.
SQL: SHOW COLUMNS FROM `hht_action_log` [ RunTime:0.0320s ]
SQL: INSERT INTO `hht_action_log` (`action_id`,`user_id`,`action_ip`,`model`,`record_id`,`create_time`,`remark`) VALUES ('1','1','127.0.0.1','User','1','1467681945','系统创始人在登录了后台') [ RunTime:0.0170s ]
INFO: [ view_parse ] --START--
INFO: [ template_filter ] --START--
INFO: Run Behavior\ContentReplaceBehavior [ RunTime:0.000000s ]
INFO: [ template_filter ] --END-- [ RunTime:0.000000s ]
INFO: Run Behavior\ParseTemplateBehavior [ RunTime:0.170009s ]
INFO: [ view_parse ] --END-- [ RunTime:0.170009s ]
INFO: [ view_filter ] --START--
INFO: Run Behavior\WriteHtmlCacheBehavior [ RunTime:0.001000s ]
INFO: [ view_filter ] --END-- [ RunTime:0.001000s ]
INFO: [ app_end ] --START--
INFO: Run Behavior\ShowPageTraceBehavior [ RunTime:0.002001s ]
INFO: [ app_end ] --END-- [ RunTime:0.002001s ]

[ 2016-07-05T09:25:48+08:00 ] 127.0.0.1 /index.php?m=Admin&c=Index&a=index
SQL: SHOW COLUMNS FROM `hht_auth_rule` [ RunTime:0.0340s ]
SQL: SELECT `id`,`pid`,`name`,`title`,`icon` FROM `hht_auth_rule` WHERE `hide` = 0 AND `status` = 1 ORDER BY sort asc  [ RunTime:0.0080s ]
INFO: [ view_parse ] --START--
INFO: [ template_filter ] --START--
INFO: Run Behavior\ContentReplaceBehavior [ RunTime:0.000000s ]
INFO: [ template_filter ] --END-- [ RunTime:0.000000s ]
INFO: Run Behavior\ParseTemplateBehavior [ RunTime:0.027001s ]
INFO: [ view_parse ] --END-- [ RunTime:0.028001s ]
INFO: [ view_filter ] --START--
INFO: Run Behavior\WriteHtmlCacheBehavior [ RunTime:0.000000s ]
INFO: [ view_filter ] --END-- [ RunTime:0.000000s ]
INFO: [ app_end ] --START--
INFO: Run Behavior\ShowPageTraceBehavior [ RunTime:0.001000s ]
INFO: [ app_end ] --END-- [ RunTime:0.001000s ]

[ 2016-07-05T09:25:48+08:00 ] 127.0.0.1 /index.php?m=Admin&c=Index&a=main
SQL: SHOW COLUMNS FROM `hht_auth_rule` [ RunTime:0.0040s ]
SQL: SELECT `id`,`pid`,`name`,`title`,`icon` FROM `hht_auth_rule` WHERE `hide` = 0 AND `status` = 1 ORDER BY sort asc  [ RunTime:0.0010s ]
INFO: [ view_parse ] --START--
INFO: [ template_filter ] --START--
INFO: Run Behavior\ContentReplaceBehavior [ RunTime:0.000000s ]
INFO: [ template_filter ] --END-- [ RunTime:0.000000s ]
INFO: [ AdminIndex ] --START--
NOTIC: [8192] mysql_get_server_info(): The mysql extension is deprecated and will be removed in the future: use mysqli or PDO instead E:\Work\PHP_WEB\ace_ismart\App\Addons\SiteStat\SiteStatAddon.class.php 第 44 行.
NOTIC: [2] mysql_get_server_info(): Access denied for user ''@'localhost' (using password: NO) E:\Work\PHP_WEB\ace_ismart\App\Addons\SiteStat\SiteStatAddon.class.php 第 44 行.
NOTIC: [2] mysql_get_server_info(): A link to the server could not be established E:\Work\PHP_WEB\ace_ismart\App\Addons\SiteStat\SiteStatAddon.class.php 第 44 行.
INFO: [ view_parse ] --START--
INFO: [ template_filter ] --START--
INFO: Run Behavior\ContentReplaceBehavior [ RunTime:0.000000s ]
INFO: [ template_filter ] --END-- [ RunTime:-0.074005s ]
INFO: Run Behavior\ParseTemplateBehavior [ RunTime:0.025002s ]
INFO: [ view_parse ] --END-- [ RunTime:0.026002s ]
INFO: [ view_filter ] --START--
INFO: Run Behavior\WriteHtmlCacheBehavior [ RunTime:0.000000s ]
INFO: [ view_filter ] --END-- [ RunTime:0.000000s ]
INFO: Run Addons\SiteStat\SiteStatAddon [ RunTime:0.074005s ]
INFO: [ AdminIndex ] --END-- [ RunTime:0.075005s ]
INFO: Run Behavior\ParseTemplateBehavior [ RunTime:0.026002s ]
INFO: [ view_parse ] --END-- [ RunTime:0.026002s ]
INFO: [ view_filter ] --START--
INFO: Run Behavior\WriteHtmlCacheBehavior [ RunTime:0.000000s ]
INFO: [ view_filter ] --END-- [ RunTime:-0.001000s ]
INFO: [ app_end ] --START--
INFO: Run Behavior\ShowPageTraceBehavior [ RunTime:0.001000s ]
INFO: [ app_end ] --END-- [ RunTime:0.001000s ]

[ 2016-07-05T09:25:50+08:00 ] 127.0.0.1 /index.php?m=Admin&c=Model&a=index
SQL: SHOW COLUMNS FROM `hht_auth_rule` [ RunTime:0.0060s ]
SQL: SELECT `id`,`pid`,`name`,`title`,`icon` FROM `hht_auth_rule` WHERE `hide` = 0 AND `status` = 1 ORDER BY sort asc  [ RunTime:0.0010s ]
SQL: SHOW COLUMNS FROM `hht_model` [ RunTime:0.0640s ]
INFO: [ view_parse ] --START--
INFO: [ template_filter ] --START--
INFO: Run Behavior\ContentReplaceBehavior [ RunTime:0.000000s ]
INFO: [ template_filter ] --END-- [ RunTime:0.000000s ]
INFO: Run Behavior\ParseTemplateBehavior [ RunTime:0.028002s ]
INFO: [ view_parse ] --END-- [ RunTime:0.028002s ]
INFO: [ view_filter ] --START--
INFO: Run Behavior\WriteHtmlCacheBehavior [ RunTime:0.001000s ]
INFO: [ view_filter ] --END-- [ RunTime:0.001000s ]
INFO: [ app_end ] --START--
INFO: Run Behavior\ShowPageTraceBehavior [ RunTime:0.001000s ]
INFO: [ app_end ] --END-- [ RunTime:0.001000s ]

[ 2016-07-05T09:25:51+08:00 ] 127.0.0.1 /index.php?m=Admin&c=Model&a=index
INFO: [ app_begin ] --START--
INFO: Run Behavior\ReadHtmlCacheBehavior [ RunTime:0.001001s ]
INFO: [ app_begin ] --END-- [ RunTime:0.002001s ]
INFO: [ action_begin ] --START--
SQL: SHOW COLUMNS FROM `hht_hooks` [ RunTime:0.0040s ]
SQL: SELECT `name`,`addons` FROM `hht_hooks`  [ RunTime:0.0010s ]
SQL: SHOW COLUMNS FROM `hht_addons` [ RunTime:0.0030s ]
SQL: SELECT `id`,`name` FROM `hht_addons` WHERE `status` = 1 AND `name` IN ('SiteStat')  [ RunTime:0.0000s ]
INFO: Run Common\Behavior\InitHookBehavior [ RunTime:0.023001s ]
INFO: [ action_begin ] --END-- [ RunTime:0.023001s ]
SQL: SHOW COLUMNS FROM `hht_auth_rule` [ RunTime:0.0040s ]
SQL: SELECT `id`,`pid`,`name`,`title`,`icon` FROM `hht_auth_rule` WHERE `hide` = 0 AND `status` = 1 ORDER BY sort asc  [ RunTime:0.0010s ]
SQL: SHOW COLUMNS FROM `hht_model` [ RunTime:0.0040s ]
SQL: SELECT COUNT(*) AS tp_count FROM `hht_model` WHERE `status` > -1 LIMIT 1   [ RunTime:0.0350s ]
SQL: SELECT * FROM `hht_model` WHERE `status` > -1 ORDER BY id desc LIMIT 0,20   [ RunTime:0.0010s ]

[ 2016-07-05T09:30:09+08:00 ] 127.0.0.1 /index.php?m=Admin&c=Index&a=index
SQL: SHOW COLUMNS FROM `hht_auth_rule` [ RunTime:0.0040s ]
SQL: SELECT `id`,`pid`,`name`,`title`,`icon` FROM `hht_auth_rule` WHERE `hide` = 0 AND `status` = 1 ORDER BY sort asc  [ RunTime:0.0010s ]
INFO: [ view_parse ] --START--
INFO: [ template_filter ] --START--
INFO: Run Behavior\ContentReplaceBehavior [ RunTime:0.000000s ]
INFO: [ template_filter ] --END-- [ RunTime:0.000000s ]
INFO: Run Behavior\ParseTemplateBehavior [ RunTime:0.013000s ]
INFO: [ view_parse ] --END-- [ RunTime:0.013000s ]
INFO: [ view_filter ] --START--
INFO: Run Behavior\WriteHtmlCacheBehavior [ RunTime:0.000000s ]
INFO: [ view_filter ] --END-- [ RunTime:0.000000s ]
INFO: [ app_end ] --START--
INFO: Run Behavior\ShowPageTraceBehavior [ RunTime:0.001001s ]
INFO: [ app_end ] --END-- [ RunTime:0.001001s ]

[ 2016-07-05T09:30:10+08:00 ] 127.0.0.1 /index.php?m=Admin&c=Index&a=main
SQL: SHOW COLUMNS FROM `hht_auth_rule` [ RunTime:0.0040s ]
SQL: SELECT `id`,`pid`,`name`,`title`,`icon` FROM `hht_auth_rule` WHERE `hide` = 0 AND `status` = 1 ORDER BY sort asc  [ RunTime:0.0010s ]
INFO: [ view_parse ] --START--
INFO: [ template_filter ] --START--
INFO: Run Behavior\ContentReplaceBehavior [ RunTime:0.000000s ]
INFO: [ template_filter ] --END-- [ RunTime:0.001000s ]
INFO: [ AdminIndex ] --START--
NOTIC: [8192] mysql_get_server_info(): The mysql extension is deprecated and will be removed in the future: use mysqli or PDO instead E:\Work\PHP_WEB\ace_ismart\App\Addons\SiteStat\SiteStatAddon.class.php 第 44 行.
NOTIC: [2] mysql_get_server_info(): Access denied for user ''@'localhost' (using password: NO) E:\Work\PHP_WEB\ace_ismart\App\Addons\SiteStat\SiteStatAddon.class.php 第 44 行.
NOTIC: [2] mysql_get_server_info(): A link to the server could not be established E:\Work\PHP_WEB\ace_ismart\App\Addons\SiteStat\SiteStatAddon.class.php 第 44 行.
INFO: [ view_parse ] --START--
INFO: [ template_filter ] --START--
INFO: Run Behavior\ContentReplaceBehavior [ RunTime:0.000000s ]
INFO: [ template_filter ] --END-- [ RunTime:-0.012001s ]
INFO: Run Behavior\ParseTemplateBehavior [ RunTime:0.006001s ]
INFO: [ view_parse ] --END-- [ RunTime:0.006001s ]
INFO: [ view_filter ] --START--
INFO: Run Behavior\WriteHtmlCacheBehavior [ RunTime:0.000000s ]
INFO: [ view_filter ] --END-- [ RunTime:0.000000s ]
INFO: Run Addons\SiteStat\SiteStatAddon [ RunTime:0.013001s ]
INFO: [ AdminIndex ] --END-- [ RunTime:0.013001s ]
INFO: Run Behavior\ParseTemplateBehavior [ RunTime:0.006001s ]
INFO: [ view_parse ] --END-- [ RunTime:0.006001s ]
INFO: [ view_filter ] --START--
INFO: Run Behavior\WriteHtmlCacheBehavior [ RunTime:0.000000s ]
INFO: [ view_filter ] --END-- [ RunTime:-0.001000s ]
INFO: [ app_end ] --START--
INFO: Run Behavior\ShowPageTraceBehavior [ RunTime:0.000000s ]
INFO: [ app_end ] --END-- [ RunTime:0.001000s ]

[ 2016-07-05T09:38:33+08:00 ] 127.0.0.1 /index.php?m=Admin&c=Public&a=login
INFO: [ view_parse ] --START--
INFO: [ template_filter ] --START--
INFO: Run Behavior\ContentReplaceBehavior [ RunTime:0.000000s ]
INFO: [ template_filter ] --END-- [ RunTime:0.000000s ]
INFO: Run Behavior\ParseTemplateBehavior [ RunTime:0.014001s ]
INFO: [ view_parse ] --END-- [ RunTime:0.014001s ]
INFO: [ view_filter ] --START--
INFO: Run Behavior\WriteHtmlCacheBehavior [ RunTime:0.002000s ]
INFO: [ view_filter ] --END-- [ RunTime:0.002000s ]
INFO: [ app_end ] --START--
INFO: Run Behavior\ShowPageTraceBehavior [ RunTime:0.002000s ]
INFO: [ app_end ] --END-- [ RunTime:0.002000s ]

[ 2016-07-05T09:38:41+08:00 ] 127.0.0.1 /index.php?m=Admin&c=Public&a=login
SQL: SHOW COLUMNS FROM `hht_user` [ RunTime:0.0030s ]
SQL: SELECT * FROM `hht_user` WHERE `username` = 'admin' AND `password` = 'e10adc3949ba59abbe56e057f20f883e' AND `status` = 1 LIMIT 1   [ RunTime:0.0000s ]
SQL: SHOW COLUMNS FROM `hht_auth_group_access` [ RunTime:0.0040s ]
SQL: SELECT * FROM `hht_auth_group_access` WHERE `uid` = 1 LIMIT 1   [ RunTime:0.0010s ]
SQL: SHOW COLUMNS FROM `hht_auth_group` [ RunTime:0.0030s ]
SQL: SELECT * FROM `hht_auth_group` WHERE `id` = 1 LIMIT 1   [ RunTime:0.0010s ]
SQL: SHOW COLUMNS FROM `hht_action` [ RunTime:0.0030s ]
SQL: SELECT * FROM `hht_action` WHERE `name` = 'Admin_Login' LIMIT 1   [ RunTime:0.0000s ]
SQL: SELECT `nickname` FROM `hht_user` WHERE `id` = 1 LIMIT 1   [ RunTime:0.0000s ]
NOTIC: [2] call_user_func() expects parameter 1 to be a valid callback, function 'time_format' not found or invalid function name E:\Work\PHP_WEB\ace_ismart\App\Common\Common\function.php 第 244 行.
SQL: SHOW COLUMNS FROM `hht_action_log` [ RunTime:0.0030s ]
SQL: INSERT INTO `hht_action_log` (`action_id`,`user_id`,`action_ip`,`model`,`record_id`,`create_time`,`remark`) VALUES ('1','1','127.0.0.1','User','1','1467682721','系统创始人在登录了后台') [ RunTime:0.0000s ]
INFO: [ view_parse ] --START--
INFO: [ template_filter ] --START--
INFO: Run Behavior\ContentReplaceBehavior [ RunTime:0.000000s ]
INFO: [ template_filter ] --END-- [ RunTime:0.000000s ]
INFO: Run Behavior\ParseTemplateBehavior [ RunTime:0.012001s ]
INFO: [ view_parse ] --END-- [ RunTime:0.012001s ]
INFO: [ view_filter ] --START--
INFO: Run Behavior\WriteHtmlCacheBehavior [ RunTime:0.002000s ]
INFO: [ view_filter ] --END-- [ RunTime:0.002000s ]
INFO: [ app_end ] --START--
INFO: Run Behavior\ShowPageTraceBehavior [ RunTime:0.002000s ]
INFO: [ app_end ] --END-- [ RunTime:0.002000s ]

[ 2016-07-05T09:38:42+08:00 ] 127.0.0.1 /index.php?m=Admin&c=Index&a=index
SQL: SHOW COLUMNS FROM `hht_auth_rule` [ RunTime:0.0040s ]
SQL: SELECT `id`,`pid`,`name`,`title`,`icon` FROM `hht_auth_rule` WHERE `hide` = 0 AND `status` = 1 ORDER BY sort asc  [ RunTime:0.0010s ]
INFO: [ view_parse ] --START--
INFO: [ template_filter ] --START--
INFO: Run Behavior\ContentReplaceBehavior [ RunTime:0.000000s ]
INFO: [ template_filter ] --END-- [ RunTime:0.000000s ]
INFO: Run Behavior\ParseTemplateBehavior [ RunTime:0.017001s ]
INFO: [ view_parse ] --END-- [ RunTime:0.017001s ]
INFO: [ view_filter ] --START--
INFO: Run Behavior\WriteHtmlCacheBehavior [ RunTime:0.002000s ]
INFO: [ view_filter ] --END-- [ RunTime:0.002000s ]
INFO: [ app_end ] --START--
INFO: Run Behavior\ShowPageTraceBehavior [ RunTime:0.003001s ]
INFO: [ app_end ] --END-- [ RunTime:0.003001s ]

[ 2016-07-05T09:38:42+08:00 ] 127.0.0.1 /index.php?m=Admin&c=Index&a=main
SQL: SHOW COLUMNS FROM `hht_auth_rule` [ RunTime:0.0040s ]
SQL: SELECT `id`,`pid`,`name`,`title`,`icon` FROM `hht_auth_rule` WHERE `hide` = 0 AND `status` = 1 ORDER BY sort asc  [ RunTime:0.0010s ]
INFO: [ view_parse ] --START--
INFO: [ template_filter ] --START--
INFO: Run Behavior\ContentReplaceBehavior [ RunTime:0.000000s ]
INFO: [ template_filter ] --END-- [ RunTime:0.000000s ]
INFO: [ AdminIndex ] --START--
NOTIC: [8192] mysql_get_server_info(): The mysql extension is deprecated and will be removed in the future: use mysqli or PDO instead E:\Work\PHP_WEB\ace_ismart\App\Addons\SiteStat\SiteStatAddon.class.php 第 44 行.
NOTIC: [2] mysql_get_server_info(): Access denied for user ''@'localhost' (using password: NO) E:\Work\PHP_WEB\ace_ismart\App\Addons\SiteStat\SiteStatAddon.class.php 第 44 行.
NOTIC: [2] mysql_get_server_info(): A link to the server could not be established E:\Work\PHP_WEB\ace_ismart\App\Addons\SiteStat\SiteStatAddon.class.php 第 44 行.
INFO: [ view_parse ] --START--
INFO: [ template_filter ] --START--
INFO: Run Behavior\ContentReplaceBehavior [ RunTime:0.000000s ]
INFO: [ template_filter ] --END-- [ RunTime:-0.013001s ]
INFO: Run Behavior\ParseTemplateBehavior [ RunTime:0.007000s ]
INFO: [ view_parse ] --END-- [ RunTime:0.007000s ]
INFO: [ view_filter ] --START--
INFO: Run Behavior\WriteHtmlCacheBehavior [ RunTime:0.000000s ]
INFO: [ view_filter ] --END-- [ RunTime:0.000000s ]
INFO: Run Addons\SiteStat\SiteStatAddon [ RunTime:0.015001s ]
INFO: [ AdminIndex ] --END-- [ RunTime:0.015001s ]
INFO: Run Behavior\ParseTemplateBehavior [ RunTime:0.008000s ]
INFO: [ view_parse ] --END-- [ RunTime:0.007000s ]
INFO: [ view_filter ] --START--
INFO: Run Behavior\WriteHtmlCacheBehavior [ RunTime:0.000000s ]
INFO: [ view_filter ] --END-- [ RunTime:-0.001000s ]
INFO: [ app_end ] --START--
INFO: Run Behavior\ShowPageTraceBehavior [ RunTime:0.001000s ]
INFO: [ app_end ] --END-- [ RunTime:0.001000s ]

[ 2016-07-05T09:38:49+08:00 ] 127.0.0.1 /index.php?m=Admin&c=Model&a=index
SQL: SHOW COLUMNS FROM `hht_auth_rule` [ RunTime:0.0030s ]
SQL: SELECT `id`,`pid`,`name`,`title`,`icon` FROM `hht_auth_rule` WHERE `hide` = 0 AND `status` = 1 ORDER BY sort asc  [ RunTime:0.0010s ]
SQL: SHOW COLUMNS FROM `hht_model` [ RunTime:0.0040s ]
INFO: [ view_parse ] --START--
INFO: [ template_filter ] --START--
INFO: Run Behavior\ContentReplaceBehavior [ RunTime:0.001000s ]
INFO: [ template_filter ] --END-- [ RunTime:0.001000s ]
INFO: Run Behavior\ParseTemplateBehavior [ RunTime:0.009000s ]
INFO: [ view_parse ] --END-- [ RunTime:0.009000s ]
INFO: [ view_filter ] --START--
INFO: Run Behavior\WriteHtmlCacheBehavior [ RunTime:0.001000s ]
INFO: [ view_filter ] --END-- [ RunTime:0.001000s ]
INFO: [ app_end ] --START--
INFO: Run Behavior\ShowPageTraceBehavior [ RunTime:0.001000s ]
INFO: [ app_end ] --END-- [ RunTime:0.001000s ]

[ 2016-07-05T09:38:50+08:00 ] 127.0.0.1 /index.php?m=Admin&c=Model&a=index
INFO: [ app_begin ] --START--
INFO: Run Behavior\ReadHtmlCacheBehavior [ RunTime:0.001000s ]
INFO: [ app_begin ] --END-- [ RunTime:0.001000s ]
INFO: [ action_begin ] --START--
SQL: SHOW COLUMNS FROM `hht_hooks` [ RunTime:0.0030s ]
SQL: SELECT `name`,`addons` FROM `hht_hooks`  [ RunTime:0.0010s ]
SQL: SHOW COLUMNS FROM `hht_addons` [ RunTime:0.0030s ]
SQL: SELECT `id`,`name` FROM `hht_addons` WHERE `status` = 1 AND `name` IN ('SiteStat')  [ RunTime:0.0000s ]
INFO: Run Common\Behavior\InitHookBehavior [ RunTime:0.016001s ]
INFO: [ action_begin ] --END-- [ RunTime:0.016001s ]
SQL: SHOW COLUMNS FROM `hht_auth_rule` [ RunTime:0.0040s ]
SQL: SELECT `id`,`pid`,`name`,`title`,`icon` FROM `hht_auth_rule` WHERE `hide` = 0 AND `status` = 1 ORDER BY sort asc  [ RunTime:0.0010s ]
SQL: SHOW COLUMNS FROM `hht_model` [ RunTime:0.0040s ]
SQL: SELECT COUNT(*) AS tp_count FROM `hht_model` WHERE `status` > -1 LIMIT 1   [ RunTime:0.0000s ]
SQL: SELECT * FROM `hht_model` WHERE `status` > -1 ORDER BY id desc LIMIT 0,20   [ RunTime:0.0010s ]

[ 2016-07-05T09:39:04+08:00 ] 127.0.0.1 /index.php?m=Admin&c=User&a=index
SQL: SHOW COLUMNS FROM `hht_auth_rule` [ RunTime:0.0030s ]
SQL: SELECT `id`,`pid`,`name`,`title`,`icon` FROM `hht_auth_rule` WHERE `hide` = 0 AND `status` = 1 ORDER BY sort asc  [ RunTime:0.0010s ]
SQL: SHOW COLUMNS FROM `hht_user` [ RunTime:0.0040s ]
INFO: [ view_parse ] --START--
INFO: [ template_filter ] --START--
INFO: Run Behavior\ContentReplaceBehavior [ RunTime:0.000000s ]
INFO: [ template_filter ] --END-- [ RunTime:0.000000s ]
INFO: Run Behavior\ParseTemplateBehavior [ RunTime:0.010001s ]
INFO: [ view_parse ] --END-- [ RunTime:0.010001s ]
INFO: [ view_filter ] --START--
INFO: Run Behavior\WriteHtmlCacheBehavior [ RunTime:0.000000s ]
INFO: [ view_filter ] --END-- [ RunTime:0.000000s ]
INFO: [ app_end ] --START--
INFO: Run Behavior\ShowPageTraceBehavior [ RunTime:0.000000s ]
INFO: [ app_end ] --END-- [ RunTime:0.000000s ]

[ 2016-07-05T09:39:04+08:00 ] 127.0.0.1 /index.php?m=Admin&c=Function&a=get_field_option&f_id=83&r_type=json
INFO: [ app_begin ] --START--
INFO: Run Behavior\ReadHtmlCacheBehavior [ RunTime:0.001000s ]
INFO: [ app_begin ] --END-- [ RunTime:0.001000s ]
INFO: [ action_begin ] --START--
SQL: SHOW COLUMNS FROM `hht_hooks` [ RunTime:0.0040s ]
SQL: SELECT `name`,`addons` FROM `hht_hooks`  [ RunTime:0.0000s ]
SQL: SHOW COLUMNS FROM `hht_addons` [ RunTime:0.0040s ]
SQL: SELECT `id`,`name` FROM `hht_addons` WHERE `status` = 1 AND `name` IN ('SiteStat')  [ RunTime:0.0000s ]
INFO: Run Common\Behavior\InitHookBehavior [ RunTime:0.026001s ]
INFO: [ action_begin ] --END-- [ RunTime:0.026001s ]
SQL: SHOW COLUMNS FROM `hht_model_field` [ RunTime:0.0040s ]
SQL: SELECT `extra` FROM `hht_model_field` WHERE ( id=83 ) LIMIT 1   [ RunTime:0.0000s ]

[ 2016-07-05T09:39:04+08:00 ] 127.0.0.1 /index.php?m=Admin&c=User&a=index
INFO: [ app_begin ] --START--
INFO: Run Behavior\ReadHtmlCacheBehavior [ RunTime:0.000000s ]
INFO: [ app_begin ] --END-- [ RunTime:0.001000s ]
INFO: [ action_begin ] --START--
SQL: SHOW COLUMNS FROM `hht_hooks` [ RunTime:0.0040s ]
SQL: SELECT `name`,`addons` FROM `hht_hooks`  [ RunTime:0.0000s ]
SQL: SHOW COLUMNS FROM `hht_addons` [ RunTime:0.0050s ]
SQL: SELECT `id`,`name` FROM `hht_addons` WHERE `status` = 1 AND `name` IN ('SiteStat')  [ RunTime:0.0010s ]
INFO: Run Common\Behavior\InitHookBehavior [ RunTime:0.021001s ]
INFO: [ action_begin ] --END-- [ RunTime:0.021001s ]
SQL: SHOW COLUMNS FROM `hht_auth_rule` [ RunTime:0.0040s ]
SQL: SELECT `id`,`pid`,`name`,`title`,`icon` FROM `hht_auth_rule` WHERE `hide` = 0 AND `status` = 1 ORDER BY sort asc  [ RunTime:0.0010s ]
SQL: SHOW COLUMNS FROM `hht_user` [ RunTime:0.0050s ]
NOTIC: [8] Undefined index: s_username E:\Work\PHP_WEB\ace_ismart\App\Admin\Controller\UserController.class.php 第 60 行.
NOTIC: [8] Undefined index: s_nickname E:\Work\PHP_WEB\ace_ismart\App\Admin\Controller\UserController.class.php 第 64 行.
NOTIC: [8] Undefined index: s_email E:\Work\PHP_WEB\ace_ismart\App\Admin\Controller\UserController.class.php 第 68 行.
NOTIC: [8] Undefined index: s_amount E:\Work\PHP_WEB\ace_ismart\App\Admin\Controller\UserController.class.php 第 72 行.
NOTIC: [8] Undefined index: s_point E:\Work\PHP_WEB\ace_ismart\App\Admin\Controller\UserController.class.php 第 76 行.
NOTIC: [8] Undefined index: s_create_time_min E:\Work\PHP_WEB\ace_ismart\App\Admin\Controller\UserController.class.php 第 80 行.
NOTIC: [8] Undefined index: s_create_time_max E:\Work\PHP_WEB\ace_ismart\App\Admin\Controller\UserController.class.php 第 83 行.
NOTIC: [8] Undefined index: s_update_time_min E:\Work\PHP_WEB\ace_ismart\App\Admin\Controller\UserController.class.php 第 87 行.
NOTIC: [8] Undefined index: s_update_time_max E:\Work\PHP_WEB\ace_ismart\App\Admin\Controller\UserController.class.php 第 90 行.
NOTIC: [8] Undefined index: s_status E:\Work\PHP_WEB\ace_ismart\App\Admin\Controller\UserController.class.php 第 94 行.
SQL: SELECT COUNT(*) AS tp_count FROM `hht_user` LIMIT 1   [ RunTime:0.0000s ]
SQL: SELECT * FROM `hht_user` ORDER BY id desc LIMIT 0,20   [ RunTime:0.0010s ]

[ 2016-07-05T09:39:16+08:00 ] 127.0.0.1 /index.php?m=Admin&c=User&a=add
SQL: SHOW COLUMNS FROM `hht_auth_rule` [ RunTime:0.0030s ]
SQL: SELECT `id`,`pid`,`name`,`title`,`icon` FROM `hht_auth_rule` WHERE `hide` = 0 AND `status` = 1 ORDER BY sort asc  [ RunTime:0.0010s ]
SQL: SHOW COLUMNS FROM `hht_user` [ RunTime:0.0040s ]
INFO: [ view_parse ] --START--
INFO: [ template_filter ] --START--
INFO: Run Behavior\ContentReplaceBehavior [ RunTime:0.000000s ]
INFO: [ template_filter ] --END-- [ RunTime:0.000000s ]
INFO: Run Behavior\ParseTemplateBehavior [ RunTime:0.009001s ]
INFO: [ view_parse ] --END-- [ RunTime:0.009001s ]
INFO: [ view_filter ] --START--
INFO: Run Behavior\WriteHtmlCacheBehavior [ RunTime:0.000000s ]
INFO: [ view_filter ] --END-- [ RunTime:0.000000s ]
INFO: [ app_end ] --START--
INFO: Run Behavior\ShowPageTraceBehavior [ RunTime:0.001000s ]
INFO: [ app_end ] --END-- [ RunTime:0.001000s ]

[ 2016-07-05T09:39:17+08:00 ] 127.0.0.1 /index.php?m=Admin&c=Function&a=get_field_option&f_id=83&r_type=json
INFO: [ app_begin ] --START--
INFO: Run Behavior\ReadHtmlCacheBehavior [ RunTime:0.001000s ]
INFO: [ app_begin ] --END-- [ RunTime:0.001000s ]
INFO: [ action_begin ] --START--
SQL: SHOW COLUMNS FROM `hht_hooks` [ RunTime:0.0050s ]
SQL: SELECT `name`,`addons` FROM `hht_hooks`  [ RunTime:0.0000s ]
SQL: SHOW COLUMNS FROM `hht_addons` [ RunTime:0.0040s ]
SQL: SELECT `id`,`name` FROM `hht_addons` WHERE `status` = 1 AND `name` IN ('SiteStat')  [ RunTime:0.0000s ]
INFO: Run Common\Behavior\InitHookBehavior [ RunTime:0.022001s ]
INFO: [ action_begin ] --END-- [ RunTime:0.022001s ]
SQL: SHOW COLUMNS FROM `hht_model_field` [ RunTime:0.0040s ]
SQL: SELECT `extra` FROM `hht_model_field` WHERE ( id=83 ) LIMIT 1   [ RunTime:0.0000s ]

[ 2016-07-05T09:58:53+08:00 ] 127.0.0.1 /
SQL: SHOW COLUMNS FROM `hht_auth_rule` [ RunTime:0.0030s ]
SQL: SELECT `id`,`pid`,`name`,`title`,`icon` FROM `hht_auth_rule` WHERE `hide` = 0 AND `status` = 1 ORDER BY sort asc  [ RunTime:0.0010s ]
INFO: [ view_parse ] --START--
INFO: [ template_filter ] --START--
INFO: Run Behavior\ContentReplaceBehavior [ RunTime:0.000000s ]
INFO: [ template_filter ] --END-- [ RunTime:0.000000s ]
INFO: Run Behavior\ParseTemplateBehavior [ RunTime:0.013000s ]
INFO: [ view_parse ] --END-- [ RunTime:0.013000s ]
INFO: [ view_filter ] --START--
INFO: Run Behavior\WriteHtmlCacheBehavior [ RunTime:0.001000s ]
INFO: [ view_filter ] --END-- [ RunTime:0.001000s ]
INFO: [ app_end ] --START--
INFO: Run Behavior\ShowPageTraceBehavior [ RunTime:0.001000s ]
INFO: [ app_end ] --END-- [ RunTime:0.001000s ]

[ 2016-07-05T09:58:53+08:00 ] 127.0.0.1 /index.php?m=Admin&c=Index&a=main
SQL: SHOW COLUMNS FROM `hht_auth_rule` [ RunTime:0.0030s ]
SQL: SELECT `id`,`pid`,`name`,`title`,`icon` FROM `hht_auth_rule` WHERE `hide` = 0 AND `status` = 1 ORDER BY sort asc  [ RunTime:0.0010s ]
INFO: [ view_parse ] --START--
INFO: [ template_filter ] --START--
INFO: Run Behavior\ContentReplaceBehavior [ RunTime:0.000000s ]
INFO: [ template_filter ] --END-- [ RunTime:0.000000s ]
INFO: [ AdminIndex ] --START--
NOTIC: [8192] mysql_get_server_info(): The mysql extension is deprecated and will be removed in the future: use mysqli or PDO instead E:\Work\PHP_WEB\ace_ismart\App\Addons\SiteStat\SiteStatAddon.class.php 第 44 行.
NOTIC: [2] mysql_get_server_info(): Access denied for user ''@'localhost' (using password: NO) E:\Work\PHP_WEB\ace_ismart\App\Addons\SiteStat\SiteStatAddon.class.php 第 44 行.
NOTIC: [2] mysql_get_server_info(): A link to the server could not be established E:\Work\PHP_WEB\ace_ismart\App\Addons\SiteStat\SiteStatAddon.class.php 第 44 行.
INFO: [ view_parse ] --START--
INFO: [ template_filter ] --START--
INFO: Run Behavior\ContentReplaceBehavior [ RunTime:0.000000s ]
INFO: [ template_filter ] --END-- [ RunTime:-0.019001s ]
INFO: Run Behavior\ParseTemplateBehavior [ RunTime:0.005001s ]
INFO: [ view_parse ] --END-- [ RunTime:0.006001s ]
INFO: [ view_filter ] --START--
INFO: Run Behavior\WriteHtmlCacheBehavior [ RunTime:0.001000s ]
INFO: [ view_filter ] --END-- [ RunTime:0.001000s ]
INFO: Run Addons\SiteStat\SiteStatAddon [ RunTime:0.020002s ]
INFO: [ AdminIndex ] --END-- [ RunTime:0.020002s ]
INFO: Run Behavior\ParseTemplateBehavior [ RunTime:0.006001s ]
INFO: [ view_parse ] --END-- [ RunTime:0.006001s ]
INFO: [ view_filter ] --START--
INFO: Run Behavior\WriteHtmlCacheBehavior [ RunTime:0.000000s ]
INFO: [ view_filter ] --END-- [ RunTime:0.000000s ]
INFO: [ app_end ] --START--
INFO: Run Behavior\ShowPageTraceBehavior [ RunTime:0.001000s ]
INFO: [ app_end ] --END-- [ RunTime:0.001000s ]

