[ 2016-06-16T14:07:40+08:00 ] 127.0.0.1 /index.php?m=Admin&c=Public&a=login
INFO: [ view_parse ] --START--
INFO: [ template_filter ] --START--
INFO: Run Behavior\ContentReplaceBehavior [ RunTime:0.002000s ]
INFO: [ template_filter ] --END-- [ RunTime:0.002000s ]
INFO: Run Behavior\ParseTemplateBehavior [ RunTime:0.014000s ]
INFO: [ view_parse ] --END-- [ RunTime:0.015000s ]
INFO: [ view_filter ] --START--
INFO: Run Behavior\WriteHtmlCacheBehavior [ RunTime:0.001000s ]
INFO: [ view_filter ] --END-- [ RunTime:0.001000s ]
INFO: [ app_end ] --START--
INFO: Run Behavior\ShowPageTraceBehavior [ RunTime:0.001001s ]
INFO: [ app_end ] --END-- [ RunTime:0.001001s ]

[ 2016-06-16T14:07:42+08:00 ] 127.0.0.1 /index.php?m=Admin&c=Public&a=login
INFO: [ view_parse ] --START--
INFO: [ template_filter ] --START--
INFO: Run Behavior\ContentReplaceBehavior [ RunTime:0.000000s ]
INFO: [ template_filter ] --END-- [ RunTime:0.000000s ]
INFO: Run Behavior\ParseTemplateBehavior [ RunTime:0.008000s ]
INFO: [ view_parse ] --END-- [ RunTime:0.010000s ]
INFO: [ view_filter ] --START--
INFO: Run Behavior\WriteHtmlCacheBehavior [ RunTime:0.000000s ]
INFO: [ view_filter ] --END-- [ RunTime:0.000000s ]
INFO: [ app_end ] --START--
INFO: Run Behavior\ShowPageTraceBehavior [ RunTime:0.001001s ]
INFO: [ app_end ] --END-- [ RunTime:0.001001s ]

[ 2016-06-16T14:07:53+08:00 ] 127.0.0.1 /index.php?m=Admin&c=Public&a=login
SQL: SHOW COLUMNS FROM `hht_user` [ RunTime:0.0910s ]
SQL: SELECT * FROM `hht_user` WHERE `username` = 'admin' AND `password` = 'e10adc3949ba59abbe56e057f20f883e' AND `status` = 1 LIMIT 1   [ RunTime:0.0000s ]
SQL: SHOW COLUMNS FROM `hht_auth_group_access` [ RunTime:0.2070s ]
SQL: SELECT * FROM `hht_auth_group_access` WHERE `uid` = 1 LIMIT 1   [ RunTime:0.0020s ]
SQL: SHOW COLUMNS FROM `hht_auth_group` [ RunTime:0.0370s ]
SQL: SELECT * FROM `hht_auth_group` WHERE `id` = 1 LIMIT 1   [ RunTime:0.0000s ]
SQL: SHOW COLUMNS FROM `hht_action` [ RunTime:0.0270s ]
SQL: SELECT * FROM `hht_action` WHERE `name` = 'Admin_Login' LIMIT 1   [ RunTime:0.0010s ]
SQL: SELECT `nickname` FROM `hht_user` WHERE `id` = 1 LIMIT 1   [ RunTime:0.0000s ]
NOTIC: [2] call_user_func() expects parameter 1 to be a valid callback, function 'time_format' not found or invalid function name E:\Work\PHP_WEB\ace_ismart\App\Common\Common\function.php 第 244 行.
SQL: SHOW COLUMNS FROM `hht_action_log` [ RunTime:0.0260s ]
SQL: INSERT INTO `hht_action_log` (`action_id`,`user_id`,`action_ip`,`model`,`record_id`,`create_time`,`remark`) VALUES ('1','1','127.0.0.1','User','1','1466057273','系统创始人在登录了后台') [ RunTime:0.0170s ]
INFO: [ view_parse ] --START--
INFO: [ template_filter ] --START--
INFO: Run Behavior\ContentReplaceBehavior [ RunTime:0.000000s ]
INFO: [ template_filter ] --END-- [ RunTime:0.000000s ]
INFO: Run Behavior\ParseTemplateBehavior [ RunTime:0.013001s ]
INFO: [ view_parse ] --END-- [ RunTime:0.014001s ]
INFO: [ view_filter ] --START--
INFO: Run Behavior\WriteHtmlCacheBehavior [ RunTime:0.001000s ]
INFO: [ view_filter ] --END-- [ RunTime:0.001000s ]
INFO: [ app_end ] --START--
INFO: Run Behavior\ShowPageTraceBehavior [ RunTime:0.002000s ]
INFO: [ app_end ] --END-- [ RunTime:0.002000s ]

[ 2016-06-16T14:07:55+08:00 ] 127.0.0.1 /index.php?m=Admin&c=Index&a=index
SQL: SHOW COLUMNS FROM `hht_auth_rule` [ RunTime:0.0860s ]
SQL: SELECT `id`,`pid`,`name`,`title`,`icon` FROM `hht_auth_rule` WHERE `hide` = 0 AND `status` = 1 ORDER BY sort asc  [ RunTime:0.0080s ]
INFO: [ view_parse ] --START--
INFO: [ template_filter ] --START--
INFO: Run Behavior\ContentReplaceBehavior [ RunTime:0.001000s ]
INFO: [ template_filter ] --END-- [ RunTime:0.001000s ]
INFO: Run Behavior\ParseTemplateBehavior [ RunTime:0.023002s ]
INFO: [ view_parse ] --END-- [ RunTime:0.023002s ]
INFO: [ view_filter ] --START--
INFO: Run Behavior\WriteHtmlCacheBehavior [ RunTime:0.001000s ]
INFO: [ view_filter ] --END-- [ RunTime:0.001000s ]
INFO: [ app_end ] --START--
INFO: Run Behavior\ShowPageTraceBehavior [ RunTime:0.001000s ]
INFO: [ app_end ] --END-- [ RunTime:0.001000s ]

[ 2016-06-16T14:07:55+08:00 ] 127.0.0.1 /index.php?m=Admin&c=Index&a=main
SQL: SHOW COLUMNS FROM `hht_auth_rule` [ RunTime:0.0030s ]
SQL: SELECT `id`,`pid`,`name`,`title`,`icon` FROM `hht_auth_rule` WHERE `hide` = 0 AND `status` = 1 ORDER BY sort asc  [ RunTime:0.0000s ]
INFO: [ view_parse ] --START--
INFO: [ template_filter ] --START--
INFO: Run Behavior\ContentReplaceBehavior [ RunTime:0.000000s ]
INFO: [ template_filter ] --END-- [ RunTime:0.000000s ]
INFO: [ AdminIndex ] --START--
NOTIC: [8192] mysql_get_server_info(): The mysql extension is deprecated and will be removed in the future: use mysqli or PDO instead E:\Work\PHP_WEB\ace_ismart\App\Addons\SiteStat\SiteStatAddon.class.php 第 44 行.
NOTIC: [2] mysql_get_server_info(): Access denied for user ''@'localhost' (using password: NO) E:\Work\PHP_WEB\ace_ismart\App\Addons\SiteStat\SiteStatAddon.class.php 第 44 行.
NOTIC: [2] mysql_get_server_info(): A link to the server could not be established E:\Work\PHP_WEB\ace_ismart\App\Addons\SiteStat\SiteStatAddon.class.php 第 44 行.
INFO: [ view_parse ] --START--
INFO: [ template_filter ] --START--
INFO: Run Behavior\ContentReplaceBehavior [ RunTime:0.000000s ]
INFO: [ template_filter ] --END-- [ RunTime:-0.038002s ]
INFO: Run Behavior\ParseTemplateBehavior [ RunTime:0.006000s ]
INFO: [ view_parse ] --END-- [ RunTime:0.006000s ]
INFO: [ view_filter ] --START--
INFO: Run Behavior\WriteHtmlCacheBehavior [ RunTime:0.001000s ]
INFO: [ view_filter ] --END-- [ RunTime:0.001000s ]
INFO: Run Addons\SiteStat\SiteStatAddon [ RunTime:0.039002s ]
INFO: [ AdminIndex ] --END-- [ RunTime:0.040002s ]
INFO: Run Behavior\ParseTemplateBehavior [ RunTime:0.007000s ]
INFO: [ view_parse ] --END-- [ RunTime:0.006000s ]
INFO: [ view_filter ] --START--
INFO: Run Behavior\WriteHtmlCacheBehavior [ RunTime:0.000000s ]
INFO: [ view_filter ] --END-- [ RunTime:0.000000s ]
INFO: [ app_end ] --START--
INFO: Run Behavior\ShowPageTraceBehavior [ RunTime:0.001000s ]
INFO: [ app_end ] --END-- [ RunTime:0.001000s ]

[ 2016-06-16T14:07:58+08:00 ] 127.0.0.1 /index.php?m=Admin&c=Config&a=group
SQL: SHOW COLUMNS FROM `hht_auth_rule` [ RunTime:0.0030s ]
SQL: SELECT `id`,`pid`,`name`,`title`,`icon` FROM `hht_auth_rule` WHERE `hide` = 0 AND `status` = 1 ORDER BY sort asc  [ RunTime:0.0010s ]
NOTIC: [2048] Declaration of Admin\Model\ConfigModel::cache() should be compatible with Think\Model::cache($key = true, $expire = NULL, $type = '') E:\Work\PHP_WEB\ace_ismart\App\Admin\Model\ConfigModel.class.php 第 29 行.
SQL: SHOW COLUMNS FROM `hht_config` [ RunTime:0.0510s ]
SQL: SHOW COLUMNS FROM `hht_config` [ RunTime:0.0070s ]
SQL: SELECT `id`,`name`,`title`,`extra`,`value`,`remark`,`type` FROM `hht_config` WHERE `status` = 1 AND `group` = 1 ORDER BY sort  [ RunTime:0.0130s ]
INFO: [ view_parse ] --START--
INFO: [ template_filter ] --START--
INFO: Run Behavior\ContentReplaceBehavior [ RunTime:0.001000s ]
INFO: [ template_filter ] --END-- [ RunTime:0.001000s ]
INFO: Run Behavior\ParseTemplateBehavior [ RunTime:0.020002s ]
INFO: [ view_parse ] --END-- [ RunTime:0.020002s ]
INFO: [ view_filter ] --START--
INFO: Run Behavior\WriteHtmlCacheBehavior [ RunTime:0.001000s ]
INFO: [ view_filter ] --END-- [ RunTime:0.001000s ]
INFO: [ app_end ] --START--
INFO: Run Behavior\ShowPageTraceBehavior [ RunTime:0.001000s ]
INFO: [ app_end ] --END-- [ RunTime:0.001000s ]

[ 2016-06-16T14:07:59+08:00 ] 127.0.0.1 /index.php?m=Admin&c=AuthRule&a=index
SQL: SHOW COLUMNS FROM `hht_auth_rule` [ RunTime:0.0030s ]
SQL: SELECT `id`,`pid`,`name`,`title`,`icon` FROM `hht_auth_rule` WHERE `hide` = 0 AND `status` = 1 ORDER BY sort asc  [ RunTime:0.0010s ]
SQL: SHOW COLUMNS FROM `hht_auth_rule` [ RunTime:0.0040s ]
INFO: [ view_parse ] --START--
INFO: [ template_filter ] --START--
INFO: Run Behavior\ContentReplaceBehavior [ RunTime:0.001000s ]
INFO: [ template_filter ] --END-- [ RunTime:0.001000s ]
INFO: Run Behavior\ParseTemplateBehavior [ RunTime:0.009000s ]
INFO: [ view_parse ] --END-- [ RunTime:0.009000s ]
INFO: [ view_filter ] --START--
INFO: Run Behavior\WriteHtmlCacheBehavior [ RunTime:0.001000s ]
INFO: [ view_filter ] --END-- [ RunTime:0.001000s ]
INFO: [ app_end ] --START--
INFO: Run Behavior\ShowPageTraceBehavior [ RunTime:0.001000s ]
INFO: [ app_end ] --END-- [ RunTime:0.001000s ]

[ 2016-06-16T14:07:59+08:00 ] 127.0.0.1 /index.php?m=Admin&c=AuthRule&a=index
INFO: [ app_begin ] --START--
INFO: Run Behavior\ReadHtmlCacheBehavior [ RunTime:0.001000s ]
INFO: [ app_begin ] --END-- [ RunTime:0.001000s ]
INFO: [ action_begin ] --START--
SQL: SHOW COLUMNS FROM `hht_hooks` [ RunTime:0.0040s ]
SQL: SELECT `name`,`addons` FROM `hht_hooks`  [ RunTime:0.0010s ]
SQL: SHOW COLUMNS FROM `hht_addons` [ RunTime:0.0050s ]
SQL: SELECT `id`,`name` FROM `hht_addons` WHERE `status` = 1 AND `name` IN ('SiteStat')  [ RunTime:0.0010s ]
INFO: Run Common\Behavior\InitHookBehavior [ RunTime:0.019001s ]
INFO: [ action_begin ] --END-- [ RunTime:0.019001s ]
SQL: SHOW COLUMNS FROM `hht_auth_rule` [ RunTime:0.0070s ]
SQL: SELECT `id`,`pid`,`name`,`title`,`icon` FROM `hht_auth_rule` WHERE `hide` = 0 AND `status` = 1 ORDER BY sort asc  [ RunTime:0.0010s ]
SQL: SHOW COLUMNS FROM `hht_auth_rule` [ RunTime:0.0040s ]
SQL: SELECT `id`,`pid`,`title`,`name`,`icon`,`type`,`hide`,`status` FROM `hht_auth_rule` ORDER BY sort asc  [ RunTime:0.0010s ]

[ 2016-06-16T14:08:01+08:00 ] 127.0.0.1 /index.php?m=Admin&c=Hooks&a=index
SQL: SHOW COLUMNS FROM `hht_auth_rule` [ RunTime:0.0030s ]
SQL: SELECT `id`,`pid`,`name`,`title`,`icon` FROM `hht_auth_rule` WHERE `hide` = 0 AND `status` = 1 ORDER BY sort asc  [ RunTime:0.0010s ]
SQL: SHOW COLUMNS FROM `hht_hooks` [ RunTime:0.0030s ]
INFO: [ view_parse ] --START--
INFO: [ template_filter ] --START--
INFO: Run Behavior\ContentReplaceBehavior [ RunTime:0.001000s ]
INFO: [ template_filter ] --END-- [ RunTime:0.001000s ]
INFO: Run Behavior\ParseTemplateBehavior [ RunTime:0.009000s ]
INFO: [ view_parse ] --END-- [ RunTime:0.009000s ]
INFO: [ view_filter ] --START--
INFO: Run Behavior\WriteHtmlCacheBehavior [ RunTime:0.001000s ]
INFO: [ view_filter ] --END-- [ RunTime:0.001000s ]
INFO: [ app_end ] --START--
INFO: Run Behavior\ShowPageTraceBehavior [ RunTime:0.001000s ]
INFO: [ app_end ] --END-- [ RunTime:0.001000s ]

[ 2016-06-16T14:08:01+08:00 ] 127.0.0.1 /index.php?m=Admin&c=Hooks&a=index
INFO: [ app_begin ] --START--
INFO: Run Behavior\ReadHtmlCacheBehavior [ RunTime:0.001000s ]
INFO: [ app_begin ] --END-- [ RunTime:0.002000s ]
INFO: [ action_begin ] --START--
SQL: SHOW COLUMNS FROM `hht_hooks` [ RunTime:0.0060s ]
SQL: SELECT `name`,`addons` FROM `hht_hooks`  [ RunTime:0.0000s ]
SQL: SHOW COLUMNS FROM `hht_addons` [ RunTime:0.0050s ]
SQL: SELECT `id`,`name` FROM `hht_addons` WHERE `status` = 1 AND `name` IN ('SiteStat')  [ RunTime:0.0000s ]
INFO: Run Common\Behavior\InitHookBehavior [ RunTime:0.035002s ]
INFO: [ action_begin ] --END-- [ RunTime:0.035002s ]
SQL: SHOW COLUMNS FROM `hht_auth_rule` [ RunTime:0.0040s ]
SQL: SELECT `id`,`pid`,`name`,`title`,`icon` FROM `hht_auth_rule` WHERE `hide` = 0 AND `status` = 1 ORDER BY sort asc  [ RunTime:0.0010s ]
SQL: SHOW COLUMNS FROM `hht_hooks` [ RunTime:0.0040s ]
NOTIC: [8] Undefined index: s_name E:\Work\PHP_WEB\ace_ismart\App\Admin\Controller\HooksController.class.php 第 60 行.
NOTIC: [8] Undefined index: s_description E:\Work\PHP_WEB\ace_ismart\App\Admin\Controller\HooksController.class.php 第 64 行.
NOTIC: [8] Undefined index: s_type E:\Work\PHP_WEB\ace_ismart\App\Admin\Controller\HooksController.class.php 第 68 行.
NOTIC: [8] Undefined index: s_update_time_min E:\Work\PHP_WEB\ace_ismart\App\Admin\Controller\HooksController.class.php 第 72 行.
NOTIC: [8] Undefined index: s_update_time_max E:\Work\PHP_WEB\ace_ismart\App\Admin\Controller\HooksController.class.php 第 75 行.
NOTIC: [8] Undefined index: s_addons E:\Work\PHP_WEB\ace_ismart\App\Admin\Controller\HooksController.class.php 第 79 行.
NOTIC: [8] Undefined index: s_status E:\Work\PHP_WEB\ace_ismart\App\Admin\Controller\HooksController.class.php 第 83 行.
SQL: SELECT COUNT(*) AS tp_count FROM `hht_hooks` LIMIT 1   [ RunTime:0.0000s ]
SQL: SELECT * FROM `hht_hooks` ORDER BY id desc LIMIT 0,20   [ RunTime:0.0000s ]

[ 2016-06-16T14:08:02+08:00 ] 127.0.0.1 /index.php?m=Admin&c=Config&a=index
SQL: SHOW COLUMNS FROM `hht_auth_rule` [ RunTime:0.0030s ]
SQL: SELECT `id`,`pid`,`name`,`title`,`icon` FROM `hht_auth_rule` WHERE `hide` = 0 AND `status` = 1 ORDER BY sort asc  [ RunTime:0.0010s ]
NOTIC: [2048] Declaration of Admin\Model\ConfigModel::cache() should be compatible with Think\Model::cache($key = true, $expire = NULL, $type = '') E:\Work\PHP_WEB\ace_ismart\App\Admin\Model\ConfigModel.class.php 第 29 行.
SQL: SHOW COLUMNS FROM `hht_config` [ RunTime:0.0040s ]
INFO: [ view_parse ] --START--
INFO: [ template_filter ] --START--
INFO: Run Behavior\ContentReplaceBehavior [ RunTime:0.000000s ]
INFO: [ template_filter ] --END-- [ RunTime:0.000000s ]
INFO: Run Behavior\ParseTemplateBehavior [ RunTime:0.009001s ]
INFO: [ view_parse ] --END-- [ RunTime:0.009001s ]
INFO: [ view_filter ] --START--
INFO: Run Behavior\WriteHtmlCacheBehavior [ RunTime:0.001000s ]
INFO: [ view_filter ] --END-- [ RunTime:0.001000s ]
INFO: [ app_end ] --START--
INFO: Run Behavior\ShowPageTraceBehavior [ RunTime:0.001000s ]
INFO: [ app_end ] --END-- [ RunTime:0.001000s ]

[ 2016-06-16T14:08:02+08:00 ] 127.0.0.1 /index.php?m=Admin&c=Function&a=get_config&cname=CONFIG_TYPE_LIST|type|title&r_type=json
INFO: [ app_begin ] --START--
INFO: Run Behavior\ReadHtmlCacheBehavior [ RunTime:0.001000s ]
INFO: [ app_begin ] --END-- [ RunTime:0.001000s ]
INFO: [ action_begin ] --START--
SQL: SHOW COLUMNS FROM `hht_hooks` [ RunTime:0.0040s ]
SQL: SELECT `name`,`addons` FROM `hht_hooks`  [ RunTime:0.0010s ]
SQL: SHOW COLUMNS FROM `hht_addons` [ RunTime:0.0030s ]
SQL: SELECT `id`,`name` FROM `hht_addons` WHERE `status` = 1 AND `name` IN ('SiteStat')  [ RunTime:0.0000s ]
INFO: Run Common\Behavior\InitHookBehavior [ RunTime:0.016001s ]
INFO: [ action_begin ] --END-- [ RunTime:0.016001s ]

[ 2016-06-16T14:08:02+08:00 ] 127.0.0.1 /index.php?m=Admin&c=Function&a=get_config&cname=CONFIG_GROUP_LIST|group|title&r_type=json
INFO: [ app_begin ] --START--
INFO: Run Behavior\ReadHtmlCacheBehavior [ RunTime:0.001000s ]
INFO: [ app_begin ] --END-- [ RunTime:0.002000s ]
INFO: [ action_begin ] --START--
SQL: SHOW COLUMNS FROM `hht_hooks` [ RunTime:0.0040s ]
SQL: SELECT `name`,`addons` FROM `hht_hooks`  [ RunTime:0.0000s ]
SQL: SHOW COLUMNS FROM `hht_addons` [ RunTime:0.0030s ]
SQL: SELECT `id`,`name` FROM `hht_addons` WHERE `status` = 1 AND `name` IN ('SiteStat')  [ RunTime:0.0000s ]
INFO: Run Common\Behavior\InitHookBehavior [ RunTime:0.028002s ]
INFO: [ action_begin ] --END-- [ RunTime:0.028002s ]

[ 2016-06-16T14:08:03+08:00 ] 127.0.0.1 /index.php?m=Admin&c=Config&a=index
INFO: [ app_begin ] --START--
INFO: Run Behavior\ReadHtmlCacheBehavior [ RunTime:0.001000s ]
INFO: [ app_begin ] --END-- [ RunTime:0.002000s ]
INFO: [ action_begin ] --START--
SQL: SHOW COLUMNS FROM `hht_hooks` [ RunTime:0.0030s ]
SQL: SELECT `name`,`addons` FROM `hht_hooks`  [ RunTime:0.0000s ]
SQL: SHOW COLUMNS FROM `hht_addons` [ RunTime:0.0040s ]
SQL: SELECT `id`,`name` FROM `hht_addons` WHERE `status` = 1 AND `name` IN ('SiteStat')  [ RunTime:0.0000s ]
INFO: Run Common\Behavior\InitHookBehavior [ RunTime:0.019001s ]
INFO: [ action_begin ] --END-- [ RunTime:0.019001s ]
SQL: SHOW COLUMNS FROM `hht_auth_rule` [ RunTime:0.0050s ]
SQL: SELECT `id`,`pid`,`name`,`title`,`icon` FROM `hht_auth_rule` WHERE `hide` = 0 AND `status` = 1 ORDER BY sort asc  [ RunTime:0.0000s ]
NOTIC: [2048] Declaration of Admin\Model\ConfigModel::cache() should be compatible with Think\Model::cache($key = true, $expire = NULL, $type = '') E:\Work\PHP_WEB\ace_ismart\App\Admin\Model\ConfigModel.class.php 第 29 行.
SQL: SHOW COLUMNS FROM `hht_config` [ RunTime:0.0030s ]
SQL: SELECT COUNT(*) AS tp_count FROM `hht_config` WHERE `status` > -1 LIMIT 1   [ RunTime:0.0000s ]
SQL: SELECT * FROM `hht_config` WHERE `status` > -1 ORDER BY id desc LIMIT 0,20   [ RunTime:0.0000s ]

