[ 2016-07-18T13:11:14+08:00 ] ::1 /Work/PHP_WEB/ace_ismart/index.php?m=Admin&c=Public&a=login
INFO: [ view_parse ] --START--
INFO: [ template_filter ] --START--
INFO: Run Behavior\ContentReplaceBehavior [ RunTime:0.000000s ]
INFO: [ template_filter ] --END-- [ RunTime:0.000000s ]
INFO: Run Behavior\ParseTemplateBehavior [ RunTime:0.017001s ]
INFO: [ view_parse ] --END-- [ RunTime:0.017001s ]
INFO: [ view_filter ] --START--
INFO: Run Behavior\WriteHtmlCacheBehavior [ RunTime:0.001000s ]
INFO: [ view_filter ] --END-- [ RunTime:0.001000s ]
INFO: [ app_end ] --START--
INFO: Run Behavior\ShowPageTraceBehavior [ RunTime:0.006000s ]
INFO: [ app_end ] --END-- [ RunTime:0.007000s ]

[ 2016-07-18T13:11:27+08:00 ] ::1 /Work/PHP_WEB/ace_ismart/index.php?m=Admin&c=Public&a=login
SQL: SHOW COLUMNS FROM `hht_user` [ RunTime:0.1660s ]
SQL: SELECT * FROM `hht_user` WHERE `username` = 'admin' AND `password` = 'e10adc3949ba59abbe56e057f20f883e' AND `status` = 1 LIMIT 1   [ RunTime:0.0010s ]
SQL: SHOW COLUMNS FROM `hht_auth_group_access` [ RunTime:0.1480s ]
SQL: SELECT * FROM `hht_auth_group_access` WHERE `uid` = 1 LIMIT 1   [ RunTime:0.0010s ]
SQL: SHOW COLUMNS FROM `hht_auth_group` [ RunTime:0.0990s ]
SQL: SELECT * FROM `hht_auth_group` WHERE `id` = 1 LIMIT 1   [ RunTime:0.0000s ]
SQL: SHOW COLUMNS FROM `hht_action` [ RunTime:0.1770s ]
SQL: SELECT * FROM `hht_action` WHERE `name` = 'Admin_Login' LIMIT 1   [ RunTime:0.0010s ]
SQL: SELECT `nickname` FROM `hht_user` WHERE `id` = 1 LIMIT 1   [ RunTime:0.0000s ]
NOTIC: [2] call_user_func() expects parameter 1 to be a valid callback, function 'time_format' not found or invalid function name E:\Work\PHP_WEB\ace_ismart\App\Common\Common\function.php 第 244 行.
SQL: SHOW COLUMNS FROM `hht_action_log` [ RunTime:0.0400s ]
SQL: INSERT INTO `hht_action_log` (`action_id`,`user_id`,`action_ip`,`model`,`record_id`,`create_time`,`remark`) VALUES ('1','1','0.0.0.0','User','1','1468818686','系统创始人在登录了后台') [ RunTime:0.0190s ]
INFO: [ view_parse ] --START--
INFO: [ template_filter ] --START--
INFO: Run Behavior\ContentReplaceBehavior [ RunTime:0.000000s ]
INFO: [ template_filter ] --END-- [ RunTime:0.000000s ]
INFO: Run Behavior\ParseTemplateBehavior [ RunTime:0.042003s ]
INFO: [ view_parse ] --END-- [ RunTime:0.042003s ]
INFO: [ view_filter ] --START--
INFO: Run Behavior\WriteHtmlCacheBehavior [ RunTime:0.004000s ]
INFO: [ view_filter ] --END-- [ RunTime:0.004000s ]
INFO: [ app_end ] --START--
INFO: Run Behavior\ShowPageTraceBehavior [ RunTime:0.005000s ]
INFO: [ app_end ] --END-- [ RunTime:0.005000s ]

[ 2016-07-18T13:11:28+08:00 ] ::1 /Work/PHP_WEB/ace_ismart/index.php?m=Admin&c=Index&a=index
SQL: SHOW COLUMNS FROM `hht_auth_rule` [ RunTime:0.0430s ]
SQL: SELECT `id`,`pid`,`name`,`title`,`icon` FROM `hht_auth_rule` WHERE `hide` = 0 AND `status` = 1 ORDER BY sort asc  [ RunTime:0.0090s ]
INFO: [ view_parse ] --START--
INFO: [ template_filter ] --START--
INFO: Run Behavior\ContentReplaceBehavior [ RunTime:0.001000s ]
INFO: [ template_filter ] --END-- [ RunTime:0.001000s ]
INFO: Run Behavior\ParseTemplateBehavior [ RunTime:0.032002s ]
INFO: [ view_parse ] --END-- [ RunTime:0.032002s ]
INFO: [ view_filter ] --START--
INFO: Run Behavior\WriteHtmlCacheBehavior [ RunTime:0.002000s ]
INFO: [ view_filter ] --END-- [ RunTime:0.002000s ]
INFO: [ app_end ] --START--
INFO: Run Behavior\ShowPageTraceBehavior [ RunTime:0.002000s ]
INFO: [ app_end ] --END-- [ RunTime:0.002000s ]

[ 2016-07-18T13:11:28+08:00 ] ::1 /Work/PHP_WEB/ace_ismart/index.php?m=Admin&c=Index&a=main
SQL: SHOW COLUMNS FROM `hht_auth_rule` [ RunTime:0.0030s ]
SQL: SELECT `id`,`pid`,`name`,`title`,`icon` FROM `hht_auth_rule` WHERE `hide` = 0 AND `status` = 1 ORDER BY sort asc  [ RunTime:0.0000s ]
INFO: [ view_parse ] --START--
INFO: [ template_filter ] --START--
INFO: Run Behavior\ContentReplaceBehavior [ RunTime:0.000000s ]
INFO: [ template_filter ] --END-- [ RunTime:0.000000s ]
INFO: [ AdminIndex ] --START--
NOTIC: [8192] mysql_get_server_info(): The mysql extension is deprecated and will be removed in the future: use mysqli or PDO instead E:\Work\PHP_WEB\ace_ismart\App\Addons\SiteStat\SiteStatAddon.class.php 第 44 行.
NOTIC: [2] mysql_get_server_info(): Access denied for user ''@'localhost' (using password: NO) E:\Work\PHP_WEB\ace_ismart\App\Addons\SiteStat\SiteStatAddon.class.php 第 44 行.
NOTIC: [2] mysql_get_server_info(): A link to the server could not be established E:\Work\PHP_WEB\ace_ismart\App\Addons\SiteStat\SiteStatAddon.class.php 第 44 行.
INFO: [ view_parse ] --START--
INFO: [ template_filter ] --START--
INFO: Run Behavior\ContentReplaceBehavior [ RunTime:0.000000s ]
INFO: [ template_filter ] --END-- [ RunTime:-0.039002s ]
INFO: Run Behavior\ParseTemplateBehavior [ RunTime:0.017001s ]
INFO: [ view_parse ] --END-- [ RunTime:0.017001s ]
INFO: [ view_filter ] --START--
INFO: Run Behavior\WriteHtmlCacheBehavior [ RunTime:0.000000s ]
INFO: [ view_filter ] --END-- [ RunTime:0.002000s ]
INFO: Run Addons\SiteStat\SiteStatAddon [ RunTime:0.043002s ]
INFO: [ AdminIndex ] --END-- [ RunTime:0.043002s ]
INFO: Run Behavior\ParseTemplateBehavior [ RunTime:0.019001s ]
INFO: [ view_parse ] --END-- [ RunTime:0.017001s ]
INFO: [ view_filter ] --START--
INFO: Run Behavior\WriteHtmlCacheBehavior [ RunTime:0.000000s ]
INFO: [ view_filter ] --END-- [ RunTime:0.000000s ]
INFO: [ app_end ] --START--
INFO: Run Behavior\ShowPageTraceBehavior [ RunTime:0.002000s ]
INFO: [ app_end ] --END-- [ RunTime:0.002000s ]

[ 2016-07-18T13:12:18+08:00 ] ::1 /Study/PHP_WEB/ace_ismart/
SQL: SHOW COLUMNS FROM `hht_auth_rule` [ RunTime:0.0060s ]
SQL: SELECT `id`,`pid`,`name`,`title`,`icon` FROM `hht_auth_rule` WHERE `hide` = 0 AND `status` = 1 ORDER BY sort asc  [ RunTime:0.0020s ]
INFO: [ view_parse ] --START--
INFO: [ template_filter ] --START--
INFO: Run Behavior\ContentReplaceBehavior [ RunTime:0.000000s ]
INFO: [ template_filter ] --END-- [ RunTime:0.000000s ]
INFO: Run Behavior\ParseTemplateBehavior [ RunTime:0.014000s ]
INFO: [ view_parse ] --END-- [ RunTime:0.014000s ]
INFO: [ view_filter ] --START--
INFO: Run Behavior\WriteHtmlCacheBehavior [ RunTime:0.001001s ]
INFO: [ view_filter ] --END-- [ RunTime:0.001001s ]
INFO: [ app_end ] --START--
INFO: Run Behavior\ShowPageTraceBehavior [ RunTime:0.001000s ]
INFO: [ app_end ] --END-- [ RunTime:0.001000s ]

[ 2016-07-18T13:12:20+08:00 ] ::1 /Study/PHP_WEB/ace_ismart/index.php?m=Admin&c=Index&a=main
SQL: SHOW COLUMNS FROM `hht_auth_rule` [ RunTime:0.0040s ]
SQL: SELECT `id`,`pid`,`name`,`title`,`icon` FROM `hht_auth_rule` WHERE `hide` = 0 AND `status` = 1 ORDER BY sort asc  [ RunTime:0.0010s ]
INFO: [ view_parse ] --START--
INFO: [ template_filter ] --START--
INFO: Run Behavior\ContentReplaceBehavior [ RunTime:0.000000s ]
INFO: [ template_filter ] --END-- [ RunTime:0.000000s ]
INFO: [ AdminIndex ] --START--
NOTIC: [8192] mysql_get_server_info(): The mysql extension is deprecated and will be removed in the future: use mysqli or PDO instead E:\Study\PHP_WEB\ace_ismart\App\Addons\SiteStat\SiteStatAddon.class.php 第 44 行.
NOTIC: [2] mysql_get_server_info(): Access denied for user ''@'localhost' (using password: NO) E:\Study\PHP_WEB\ace_ismart\App\Addons\SiteStat\SiteStatAddon.class.php 第 44 行.
NOTIC: [2] mysql_get_server_info(): A link to the server could not be established E:\Study\PHP_WEB\ace_ismart\App\Addons\SiteStat\SiteStatAddon.class.php 第 44 行.
INFO: [ view_parse ] --START--
INFO: [ template_filter ] --START--
INFO: Run Behavior\ContentReplaceBehavior [ RunTime:0.000000s ]
INFO: [ template_filter ] --END-- [ RunTime:-0.019001s ]
INFO: Run Behavior\ParseTemplateBehavior [ RunTime:0.007001s ]
INFO: [ view_parse ] --END-- [ RunTime:0.007001s ]
INFO: [ view_filter ] --START--
INFO: Run Behavior\WriteHtmlCacheBehavior [ RunTime:0.000000s ]
INFO: [ view_filter ] --END-- [ RunTime:0.000000s ]
INFO: Run Addons\SiteStat\SiteStatAddon [ RunTime:0.020001s ]
INFO: [ AdminIndex ] --END-- [ RunTime:0.020001s ]
INFO: Run Behavior\ParseTemplateBehavior [ RunTime:0.007001s ]
INFO: [ view_parse ] --END-- [ RunTime:0.007001s ]
INFO: [ view_filter ] --START--
INFO: Run Behavior\WriteHtmlCacheBehavior [ RunTime:0.000000s ]
INFO: [ view_filter ] --END-- [ RunTime:0.000000s ]
INFO: [ app_end ] --START--
INFO: Run Behavior\ShowPageTraceBehavior [ RunTime:0.000000s ]
INFO: [ app_end ] --END-- [ RunTime:0.000000s ]

