[ 2016-03-07T09:09:13+08:00 ] 127.0.0.1 /index.php
ERR: 模板不存在:D:/AMP/WEB/XiangMu/Shop/Home/View/Index/index.html

[ 2016-03-07T09:09:25+08:00 ] 127.0.0.1 /index.php
ERR: 模板不存在:D:/AMP/WEB/XiangMu/Shop/Home/View/Index/index.html

[ 2016-03-07T09:09:26+08:00 ] 127.0.0.1 /index.php
ERR: 模板不存在:D:/AMP/WEB/XiangMu/Shop/Home/View/Index/index.html

[ 2016-03-07T09:09:26+08:00 ] 127.0.0.1 /index.php
ERR: 模板不存在:D:/AMP/WEB/XiangMu/Shop/Home/View/Index/index.html

[ 2016-03-07T09:09:26+08:00 ] 127.0.0.1 /index.php
ERR: 模板不存在:D:/AMP/WEB/XiangMu/Shop/Home/View/Index/index.html

[ 2016-03-07T09:09:26+08:00 ] 127.0.0.1 /index.php
ERR: 模板不存在:D:/AMP/WEB/XiangMu/Shop/Home/View/Index/index.html

[ 2016-03-07T09:09:26+08:00 ] 127.0.0.1 /index.php
ERR: 模板不存在:D:/AMP/WEB/XiangMu/Shop/Home/View/Index/index.html

[ 2016-03-07T09:09:43+08:00 ] 127.0.0.1 /
ERR: 模板不存在:D:/AMP/WEB/XiangMu/Shop/Home/View/Index/index.html

[ 2016-03-07T09:10:11+08:00 ] 127.0.0.1 /
ERR: 模板不存在:D:/AMP/WEB/XiangMu/Shop/Home/View/Index/index.html

[ 2016-03-07T09:10:12+08:00 ] 127.0.0.1 /
ERR: 模板不存在:D:/AMP/WEB/XiangMu/Shop/Home/View/Index/index.html

[ 2016-03-07T09:10:12+08:00 ] 127.0.0.1 /
ERR: 模板不存在:D:/AMP/WEB/XiangMu/Shop/Home/View/Index/index.html

[ 2016-03-07T09:10:12+08:00 ] 127.0.0.1 /
ERR: 模板不存在:D:/AMP/WEB/XiangMu/Shop/Home/View/Index/index.html

[ 2016-03-07T09:10:12+08:00 ] 127.0.0.1 /
ERR: 模板不存在:D:/AMP/WEB/XiangMu/Shop/Home/View/Index/index.html

[ 2016-03-07T09:10:13+08:00 ] 127.0.0.1 /
ERR: 模板不存在:D:/AMP/WEB/XiangMu/Shop/Home/View/Index/index.html

[ 2016-03-07T09:20:04+08:00 ] 127.0.0.1 /
INFO: [ app_init ] --START--
INFO: Run Behavior\BuildLiteBehavior [ RunTime:0.000000s ]
INFO: [ app_init ] --END-- [ RunTime:0.001001s ]
INFO: [ app_begin ] --START--
INFO: Run Behavior\ReadHtmlCacheBehavior [ RunTime:0.001000s ]
INFO: [ app_begin ] --END-- [ RunTime:0.001000s ]
INFO: [ view_parse ] --START--
INFO: [ template_filter ] --START--
INFO: Run Behavior\ContentReplaceBehavior [ RunTime:0.000000s ]
INFO: [ template_filter ] --END-- [ RunTime:0.000000s ]
INFO: Run Behavior\ParseTemplateBehavior [ RunTime:0.006000s ]
INFO: [ view_parse ] --END-- [ RunTime:0.006000s ]
INFO: [ view_filter ] --START--
INFO: Run Behavior\WriteHtmlCacheBehavior [ RunTime:0.001000s ]
INFO: [ view_filter ] --END-- [ RunTime:0.001000s ]
INFO: [ app_end ] --START--
INFO: Run Behavior\ShowPageTraceBehavior [ RunTime:0.000000s ]
INFO: [ app_end ] --END-- [ RunTime:0.000000s ]

[ 2016-03-07T09:20:05+08:00 ] 127.0.0.1 /
INFO: [ app_init ] --START--
INFO: Run Behavior\BuildLiteBehavior [ RunTime:0.000000s ]
INFO: [ app_init ] --END-- [ RunTime:0.001000s ]
INFO: [ app_begin ] --START--
INFO: Run Behavior\ReadHtmlCacheBehavior [ RunTime:0.000000s ]
INFO: [ app_begin ] --END-- [ RunTime:0.001000s ]
INFO: [ view_parse ] --START--
INFO: [ template_filter ] --START--
INFO: Run Behavior\ContentReplaceBehavior [ RunTime:0.000000s ]
INFO: [ template_filter ] --END-- [ RunTime:0.000000s ]
INFO: Run Behavior\ParseTemplateBehavior [ RunTime:0.004000s ]
INFO: [ view_parse ] --END-- [ RunTime:0.004000s ]
INFO: [ view_filter ] --START--
INFO: Run Behavior\WriteHtmlCacheBehavior [ RunTime:0.000000s ]
INFO: [ view_filter ] --END-- [ RunTime:0.000000s ]
INFO: [ app_end ] --START--
INFO: Run Behavior\ShowPageTraceBehavior [ RunTime:0.000000s ]
INFO: [ app_end ] --END-- [ RunTime:0.000000s ]

[ 2016-03-07T09:20:06+08:00 ] 127.0.0.1 /
INFO: [ app_init ] --START--
INFO: Run Behavior\BuildLiteBehavior [ RunTime:0.000000s ]
INFO: [ app_init ] --END-- [ RunTime:0.001001s ]
INFO: [ app_begin ] --START--
INFO: Run Behavior\ReadHtmlCacheBehavior [ RunTime:0.001000s ]
INFO: [ app_begin ] --END-- [ RunTime:0.001000s ]
INFO: [ view_parse ] --START--
INFO: [ template_filter ] --START--
INFO: Run Behavior\ContentReplaceBehavior [ RunTime:0.000000s ]
INFO: [ template_filter ] --END-- [ RunTime:0.000000s ]
INFO: Run Behavior\ParseTemplateBehavior [ RunTime:0.005000s ]
INFO: [ view_parse ] --END-- [ RunTime:0.005000s ]
INFO: [ view_filter ] --START--
INFO: Run Behavior\WriteHtmlCacheBehavior [ RunTime:0.000000s ]
INFO: [ view_filter ] --END-- [ RunTime:0.000000s ]
INFO: [ app_end ] --START--
INFO: Run Behavior\ShowPageTraceBehavior [ RunTime:0.001000s ]
INFO: [ app_end ] --END-- [ RunTime:0.001000s ]

[ 2016-03-07T09:20:07+08:00 ] 127.0.0.1 /
INFO: [ app_init ] --START--
INFO: Run Behavior\BuildLiteBehavior [ RunTime:0.000000s ]
INFO: [ app_init ] --END-- [ RunTime:0.000000s ]
INFO: [ app_begin ] --START--
INFO: Run Behavior\ReadHtmlCacheBehavior [ RunTime:0.000000s ]
INFO: [ app_begin ] --END-- [ RunTime:0.000000s ]
INFO: [ view_parse ] --START--
INFO: [ template_filter ] --START--
INFO: Run Behavior\ContentReplaceBehavior [ RunTime:0.000000s ]
INFO: [ template_filter ] --END-- [ RunTime:0.000000s ]
INFO: Run Behavior\ParseTemplateBehavior [ RunTime:0.006000s ]
INFO: [ view_parse ] --END-- [ RunTime:0.006000s ]
INFO: [ view_filter ] --START--
INFO: Run Behavior\WriteHtmlCacheBehavior [ RunTime:0.001000s ]
INFO: [ view_filter ] --END-- [ RunTime:0.001000s ]
INFO: [ app_end ] --START--
INFO: Run Behavior\ShowPageTraceBehavior [ RunTime:0.000000s ]
INFO: [ app_end ] --END-- [ RunTime:0.000000s ]

[ 2016-03-07T09:20:07+08:00 ] 127.0.0.1 /
INFO: [ app_init ] --START--
INFO: Run Behavior\BuildLiteBehavior [ RunTime:0.000000s ]
INFO: [ app_init ] --END-- [ RunTime:0.000000s ]
INFO: [ app_begin ] --START--
INFO: Run Behavior\ReadHtmlCacheBehavior [ RunTime:0.001000s ]
INFO: [ app_begin ] --END-- [ RunTime:0.001000s ]
INFO: [ view_parse ] --START--
INFO: [ template_filter ] --START--
INFO: Run Behavior\ContentReplaceBehavior [ RunTime:0.000000s ]
INFO: [ template_filter ] --END-- [ RunTime:0.000000s ]
INFO: Run Behavior\ParseTemplateBehavior [ RunTime:0.005000s ]
INFO: [ view_parse ] --END-- [ RunTime:0.005000s ]
INFO: [ view_filter ] --START--
INFO: Run Behavior\WriteHtmlCacheBehavior [ RunTime:0.001000s ]
INFO: [ view_filter ] --END-- [ RunTime:0.001000s ]
INFO: [ app_end ] --START--
INFO: Run Behavior\ShowPageTraceBehavior [ RunTime:0.000000s ]
INFO: [ app_end ] --END-- [ RunTime:0.000000s ]

[ 2016-03-07T09:20:52+08:00 ] 127.0.0.1 /
INFO: [ app_init ] --START--
INFO: Run Behavior\BuildLiteBehavior [ RunTime:0.000000s ]
INFO: [ app_init ] --END-- [ RunTime:0.000000s ]
INFO: [ app_begin ] --START--
INFO: Run Behavior\ReadHtmlCacheBehavior [ RunTime:0.000000s ]
INFO: [ app_begin ] --END-- [ RunTime:0.000000s ]
INFO: [ view_parse ] --START--
INFO: [ template_filter ] --START--
INFO: Run Behavior\ContentReplaceBehavior [ RunTime:0.000000s ]
INFO: [ template_filter ] --END-- [ RunTime:0.000000s ]
INFO: Run Behavior\ParseTemplateBehavior [ RunTime:0.004000s ]
INFO: [ view_parse ] --END-- [ RunTime:0.004000s ]
INFO: [ view_filter ] --START--
INFO: Run Behavior\WriteHtmlCacheBehavior [ RunTime:0.000000s ]
INFO: [ view_filter ] --END-- [ RunTime:0.000000s ]
INFO: [ app_end ] --START--
INFO: Run Behavior\ShowPageTraceBehavior [ RunTime:0.001000s ]
INFO: [ app_end ] --END-- [ RunTime:0.001000s ]

[ 2016-03-07T09:20:52+08:00 ] 127.0.0.1 /
INFO: [ app_init ] --START--
INFO: Run Behavior\BuildLiteBehavior [ RunTime:0.000000s ]
INFO: [ app_init ] --END-- [ RunTime:0.000000s ]
INFO: [ app_begin ] --START--
INFO: Run Behavior\ReadHtmlCacheBehavior [ RunTime:0.000000s ]
INFO: [ app_begin ] --END-- [ RunTime:0.000000s ]
INFO: [ view_parse ] --START--
INFO: [ template_filter ] --START--
INFO: Run Behavior\ContentReplaceBehavior [ RunTime:0.000000s ]
INFO: [ template_filter ] --END-- [ RunTime:0.000000s ]
INFO: Run Behavior\ParseTemplateBehavior [ RunTime:0.007000s ]
INFO: [ view_parse ] --END-- [ RunTime:0.007000s ]
INFO: [ view_filter ] --START--
INFO: Run Behavior\WriteHtmlCacheBehavior [ RunTime:0.000000s ]
INFO: [ view_filter ] --END-- [ RunTime:0.000000s ]
INFO: [ app_end ] --START--
INFO: Run Behavior\ShowPageTraceBehavior [ RunTime:0.000000s ]
INFO: [ app_end ] --END-- [ RunTime:0.001000s ]

[ 2016-03-07T09:20:52+08:00 ] 127.0.0.1 /
INFO: [ app_init ] --START--
INFO: Run Behavior\BuildLiteBehavior [ RunTime:0.000000s ]
INFO: [ app_init ] --END-- [ RunTime:0.000000s ]
INFO: [ app_begin ] --START--
INFO: Run Behavior\ReadHtmlCacheBehavior [ RunTime:0.001000s ]
INFO: [ app_begin ] --END-- [ RunTime:0.001000s ]
INFO: [ view_parse ] --START--
INFO: [ template_filter ] --START--
INFO: Run Behavior\ContentReplaceBehavior [ RunTime:0.000000s ]
INFO: [ template_filter ] --END-- [ RunTime:0.000000s ]
INFO: Run Behavior\ParseTemplateBehavior [ RunTime:0.005001s ]
INFO: [ view_parse ] --END-- [ RunTime:0.005001s ]
INFO: [ view_filter ] --START--
INFO: Run Behavior\WriteHtmlCacheBehavior [ RunTime:0.000000s ]
INFO: [ view_filter ] --END-- [ RunTime:0.000000s ]
INFO: [ app_end ] --START--
INFO: Run Behavior\ShowPageTraceBehavior [ RunTime:0.001000s ]
INFO: [ app_end ] --END-- [ RunTime:0.001000s ]

[ 2016-03-07T09:20:57+08:00 ] 127.0.0.1 /
INFO: [ app_init ] --START--
INFO: Run Behavior\BuildLiteBehavior [ RunTime:0.000000s ]
INFO: [ app_init ] --END-- [ RunTime:0.001000s ]
INFO: [ app_begin ] --START--
INFO: Run Behavior\ReadHtmlCacheBehavior [ RunTime:0.001000s ]
INFO: [ app_begin ] --END-- [ RunTime:0.001000s ]
INFO: [ view_parse ] --START--
INFO: [ template_filter ] --START--
INFO: Run Behavior\ContentReplaceBehavior [ RunTime:0.000000s ]
INFO: [ template_filter ] --END-- [ RunTime:0.000000s ]
INFO: Run Behavior\ParseTemplateBehavior [ RunTime:0.004000s ]
INFO: [ view_parse ] --END-- [ RunTime:0.004000s ]
INFO: [ view_filter ] --START--
INFO: Run Behavior\WriteHtmlCacheBehavior [ RunTime:0.000000s ]
INFO: [ view_filter ] --END-- [ RunTime:0.000000s ]
INFO: [ app_end ] --START--
INFO: Run Behavior\ShowPageTraceBehavior [ RunTime:0.000000s ]
INFO: [ app_end ] --END-- [ RunTime:0.000000s ]

[ 2016-03-07T09:23:07+08:00 ] 127.0.0.1 /
INFO: [ app_init ] --START--
INFO: Run Behavior\BuildLiteBehavior [ RunTime:0.000000s ]
INFO: [ app_init ] --END-- [ RunTime:0.001000s ]
INFO: [ app_begin ] --START--
INFO: Run Behavior\ReadHtmlCacheBehavior [ RunTime:0.002000s ]
INFO: [ app_begin ] --END-- [ RunTime:0.002000s ]
INFO: [ view_parse ] --START--
INFO: [ template_filter ] --START--
INFO: Run Behavior\ContentReplaceBehavior [ RunTime:0.000000s ]
INFO: [ template_filter ] --END-- [ RunTime:0.000000s ]
INFO: Run Behavior\ParseTemplateBehavior [ RunTime:0.007001s ]
INFO: [ view_parse ] --END-- [ RunTime:0.008001s ]
INFO: [ view_filter ] --START--
INFO: Run Behavior\WriteHtmlCacheBehavior [ RunTime:0.000000s ]
INFO: [ view_filter ] --END-- [ RunTime:0.000000s ]
INFO: [ app_end ] --START--
INFO: Run Behavior\ShowPageTraceBehavior [ RunTime:0.001000s ]
INFO: [ app_end ] --END-- [ RunTime:0.001000s ]

[ 2016-03-07T09:23:08+08:00 ] 127.0.0.1 /
INFO: [ app_init ] --START--
INFO: Run Behavior\BuildLiteBehavior [ RunTime:0.000000s ]
INFO: [ app_init ] --END-- [ RunTime:0.001000s ]
INFO: [ app_begin ] --START--
INFO: Run Behavior\ReadHtmlCacheBehavior [ RunTime:0.000000s ]
INFO: [ app_begin ] --END-- [ RunTime:0.000000s ]
INFO: [ view_parse ] --START--
INFO: [ template_filter ] --START--
INFO: Run Behavior\ContentReplaceBehavior [ RunTime:0.000000s ]
INFO: [ template_filter ] --END-- [ RunTime:0.000000s ]
INFO: Run Behavior\ParseTemplateBehavior [ RunTime:0.006000s ]
INFO: [ view_parse ] --END-- [ RunTime:0.006000s ]
INFO: [ view_filter ] --START--
INFO: Run Behavior\WriteHtmlCacheBehavior [ RunTime:0.000000s ]
INFO: [ view_filter ] --END-- [ RunTime:0.000000s ]
INFO: [ app_end ] --START--
INFO: Run Behavior\ShowPageTraceBehavior [ RunTime:0.001000s ]
INFO: [ app_end ] --END-- [ RunTime:0.001000s ]

[ 2016-03-07T09:23:08+08:00 ] 127.0.0.1 /
INFO: [ app_init ] --START--
INFO: Run Behavior\BuildLiteBehavior [ RunTime:0.000000s ]
INFO: [ app_init ] --END-- [ RunTime:0.000000s ]
INFO: [ app_begin ] --START--
INFO: Run Behavior\ReadHtmlCacheBehavior [ RunTime:0.000000s ]
INFO: [ app_begin ] --END-- [ RunTime:0.000000s ]
INFO: [ view_parse ] --START--
INFO: [ template_filter ] --START--
INFO: Run Behavior\ContentReplaceBehavior [ RunTime:0.000000s ]
INFO: [ template_filter ] --END-- [ RunTime:0.000000s ]
INFO: Run Behavior\ParseTemplateBehavior [ RunTime:0.004000s ]
INFO: [ view_parse ] --END-- [ RunTime:0.004000s ]
INFO: [ view_filter ] --START--
INFO: Run Behavior\WriteHtmlCacheBehavior [ RunTime:0.001000s ]
INFO: [ view_filter ] --END-- [ RunTime:0.001000s ]
INFO: [ app_end ] --START--
INFO: Run Behavior\ShowPageTraceBehavior [ RunTime:0.000000s ]
INFO: [ app_end ] --END-- [ RunTime:0.000000s ]

[ 2016-03-07T09:23:08+08:00 ] 127.0.0.1 /
INFO: [ app_init ] --START--
INFO: Run Behavior\BuildLiteBehavior [ RunTime:0.000000s ]
INFO: [ app_init ] --END-- [ RunTime:0.000000s ]
INFO: [ app_begin ] --START--
INFO: Run Behavior\ReadHtmlCacheBehavior [ RunTime:0.001000s ]
INFO: [ app_begin ] --END-- [ RunTime:0.001000s ]
INFO: [ view_parse ] --START--
INFO: [ template_filter ] --START--
INFO: Run Behavior\ContentReplaceBehavior [ RunTime:0.000000s ]
INFO: [ template_filter ] --END-- [ RunTime:0.000000s ]
INFO: Run Behavior\ParseTemplateBehavior [ RunTime:0.006001s ]
INFO: [ view_parse ] --END-- [ RunTime:0.006001s ]
INFO: [ view_filter ] --START--
INFO: Run Behavior\WriteHtmlCacheBehavior [ RunTime:0.000000s ]
INFO: [ view_filter ] --END-- [ RunTime:0.000000s ]
INFO: [ app_end ] --START--
INFO: Run Behavior\ShowPageTraceBehavior [ RunTime:0.001000s ]
INFO: [ app_end ] --END-- [ RunTime:0.001000s ]

[ 2016-03-07T09:23:09+08:00 ] 127.0.0.1 /
INFO: [ app_init ] --START--
INFO: Run Behavior\BuildLiteBehavior [ RunTime:0.000000s ]
INFO: [ app_init ] --END-- [ RunTime:0.000000s ]
INFO: [ app_begin ] --START--
INFO: Run Behavior\ReadHtmlCacheBehavior [ RunTime:0.000000s ]
INFO: [ app_begin ] --END-- [ RunTime:0.000000s ]
INFO: [ view_parse ] --START--
INFO: [ template_filter ] --START--
INFO: Run Behavior\ContentReplaceBehavior [ RunTime:0.001000s ]
INFO: [ template_filter ] --END-- [ RunTime:0.001000s ]
INFO: Run Behavior\ParseTemplateBehavior [ RunTime:0.005001s ]
INFO: [ view_parse ] --END-- [ RunTime:0.005001s ]
INFO: [ view_filter ] --START--
INFO: Run Behavior\WriteHtmlCacheBehavior [ RunTime:0.001000s ]
INFO: [ view_filter ] --END-- [ RunTime:0.001000s ]
INFO: [ app_end ] --START--
INFO: Run Behavior\ShowPageTraceBehavior [ RunTime:0.000000s ]
INFO: [ app_end ] --END-- [ RunTime:0.000000s ]

[ 2016-03-07T09:23:09+08:00 ] 127.0.0.1 /
INFO: [ app_init ] --START--
INFO: Run Behavior\BuildLiteBehavior [ RunTime:0.000000s ]
INFO: [ app_init ] --END-- [ RunTime:0.000000s ]
INFO: [ app_begin ] --START--
INFO: Run Behavior\ReadHtmlCacheBehavior [ RunTime:0.000000s ]
INFO: [ app_begin ] --END-- [ RunTime:0.000000s ]
INFO: [ view_parse ] --START--
INFO: [ template_filter ] --START--
INFO: Run Behavior\ContentReplaceBehavior [ RunTime:0.000000s ]
INFO: [ template_filter ] --END-- [ RunTime:0.000000s ]
INFO: Run Behavior\ParseTemplateBehavior [ RunTime:0.004000s ]
INFO: [ view_parse ] --END-- [ RunTime:0.004000s ]
INFO: [ view_filter ] --START--
INFO: Run Behavior\WriteHtmlCacheBehavior [ RunTime:0.001000s ]
INFO: [ view_filter ] --END-- [ RunTime:0.001000s ]
INFO: [ app_end ] --START--
INFO: Run Behavior\ShowPageTraceBehavior [ RunTime:0.000000s ]
INFO: [ app_end ] --END-- [ RunTime:0.000000s ]

[ 2016-03-07T09:24:13+08:00 ] 127.0.0.1 /
INFO: [ app_init ] --START--
INFO: Run Behavior\BuildLiteBehavior [ RunTime:0.000000s ]
INFO: [ app_init ] --END-- [ RunTime:0.001000s ]
INFO: [ app_begin ] --START--
INFO: Run Behavior\ReadHtmlCacheBehavior [ RunTime:0.001000s ]
INFO: [ app_begin ] --END-- [ RunTime:0.001000s ]
INFO: [ view_parse ] --START--
INFO: [ template_filter ] --START--
INFO: Run Behavior\ContentReplaceBehavior [ RunTime:0.000000s ]
INFO: [ template_filter ] --END-- [ RunTime:0.000000s ]
INFO: Run Behavior\ParseTemplateBehavior [ RunTime:0.007000s ]
INFO: [ view_parse ] --END-- [ RunTime:0.007000s ]
INFO: [ view_filter ] --START--
INFO: Run Behavior\WriteHtmlCacheBehavior [ RunTime:0.000000s ]
INFO: [ view_filter ] --END-- [ RunTime:0.000000s ]
INFO: [ app_end ] --START--
INFO: Run Behavior\ShowPageTraceBehavior [ RunTime:0.001000s ]
INFO: [ app_end ] --END-- [ RunTime:0.001000s ]

[ 2016-03-07T09:24:14+08:00 ] 127.0.0.1 /
INFO: [ app_init ] --START--
INFO: Run Behavior\BuildLiteBehavior [ RunTime:0.000000s ]
INFO: [ app_init ] --END-- [ RunTime:0.001000s ]
INFO: [ app_begin ] --START--
INFO: Run Behavior\ReadHtmlCacheBehavior [ RunTime:0.001000s ]
INFO: [ app_begin ] --END-- [ RunTime:0.001000s ]
INFO: [ view_parse ] --START--
INFO: [ template_filter ] --START--
INFO: Run Behavior\ContentReplaceBehavior [ RunTime:0.000000s ]
INFO: [ template_filter ] --END-- [ RunTime:0.000000s ]
INFO: Run Behavior\ParseTemplateBehavior [ RunTime:0.007001s ]
INFO: [ view_parse ] --END-- [ RunTime:0.007001s ]
INFO: [ view_filter ] --START--
INFO: Run Behavior\WriteHtmlCacheBehavior [ RunTime:0.000000s ]
INFO: [ view_filter ] --END-- [ RunTime:0.000000s ]
INFO: [ app_end ] --START--
INFO: Run Behavior\ShowPageTraceBehavior [ RunTime:0.001000s ]
INFO: [ app_end ] --END-- [ RunTime:0.001000s ]

[ 2016-03-07T09:24:14+08:00 ] 127.0.0.1 /
INFO: [ app_init ] --START--
INFO: Run Behavior\BuildLiteBehavior [ RunTime:0.000000s ]
INFO: [ app_init ] --END-- [ RunTime:0.001001s ]
INFO: [ app_begin ] --START--
INFO: Run Behavior\ReadHtmlCacheBehavior [ RunTime:0.001000s ]
INFO: [ app_begin ] --END-- [ RunTime:0.001000s ]
INFO: [ view_parse ] --START--
INFO: [ template_filter ] --START--
INFO: Run Behavior\ContentReplaceBehavior [ RunTime:0.000000s ]
INFO: [ template_filter ] --END-- [ RunTime:0.000000s ]
INFO: Run Behavior\ParseTemplateBehavior [ RunTime:0.005000s ]
INFO: [ view_parse ] --END-- [ RunTime:0.005000s ]
INFO: [ view_filter ] --START--
INFO: Run Behavior\WriteHtmlCacheBehavior [ RunTime:0.001000s ]
INFO: [ view_filter ] --END-- [ RunTime:0.001000s ]
INFO: [ app_end ] --START--
INFO: Run Behavior\ShowPageTraceBehavior [ RunTime:0.000000s ]
INFO: [ app_end ] --END-- [ RunTime:0.000000s ]

[ 2016-03-07T09:24:14+08:00 ] 127.0.0.1 /
INFO: [ app_init ] --START--
INFO: Run Behavior\BuildLiteBehavior [ RunTime:0.000000s ]
INFO: [ app_init ] --END-- [ RunTime:0.001000s ]
INFO: [ app_begin ] --START--
INFO: Run Behavior\ReadHtmlCacheBehavior [ RunTime:0.001000s ]
INFO: [ app_begin ] --END-- [ RunTime:0.001000s ]
INFO: [ view_parse ] --START--
INFO: [ template_filter ] --START--
INFO: Run Behavior\ContentReplaceBehavior [ RunTime:0.000000s ]
INFO: [ template_filter ] --END-- [ RunTime:0.001000s ]
INFO: Run Behavior\ParseTemplateBehavior [ RunTime:0.005000s ]
INFO: [ view_parse ] --END-- [ RunTime:0.005000s ]
INFO: [ view_filter ] --START--
INFO: Run Behavior\WriteHtmlCacheBehavior [ RunTime:0.001000s ]
INFO: [ view_filter ] --END-- [ RunTime:0.001000s ]
INFO: [ app_end ] --START--
INFO: Run Behavior\ShowPageTraceBehavior [ RunTime:0.000000s ]
INFO: [ app_end ] --END-- [ RunTime:0.000000s ]

[ 2016-03-07T09:24:14+08:00 ] 127.0.0.1 /
INFO: [ app_init ] --START--
INFO: Run Behavior\BuildLiteBehavior [ RunTime:0.000000s ]
INFO: [ app_init ] --END-- [ RunTime:0.000000s ]
INFO: [ app_begin ] --START--
INFO: Run Behavior\ReadHtmlCacheBehavior [ RunTime:0.001000s ]
INFO: [ app_begin ] --END-- [ RunTime:0.001000s ]
INFO: [ view_parse ] --START--
INFO: [ template_filter ] --START--
INFO: Run Behavior\ContentReplaceBehavior [ RunTime:0.000000s ]
INFO: [ template_filter ] --END-- [ RunTime:0.001000s ]
INFO: Run Behavior\ParseTemplateBehavior [ RunTime:0.004000s ]
INFO: [ view_parse ] --END-- [ RunTime:0.004000s ]
INFO: [ view_filter ] --START--
INFO: Run Behavior\WriteHtmlCacheBehavior [ RunTime:0.001000s ]
INFO: [ view_filter ] --END-- [ RunTime:0.001000s ]
INFO: [ app_end ] --START--
INFO: Run Behavior\ShowPageTraceBehavior [ RunTime:0.000000s ]
INFO: [ app_end ] --END-- [ RunTime:0.000000s ]

[ 2016-03-07T09:24:14+08:00 ] 127.0.0.1 /
INFO: [ app_init ] --START--
INFO: Run Behavior\BuildLiteBehavior [ RunTime:0.000000s ]
INFO: [ app_init ] --END-- [ RunTime:0.000000s ]
INFO: [ app_begin ] --START--
INFO: Run Behavior\ReadHtmlCacheBehavior [ RunTime:0.000000s ]
INFO: [ app_begin ] --END-- [ RunTime:0.000000s ]
INFO: [ view_parse ] --START--
INFO: [ template_filter ] --START--
INFO: Run Behavior\ContentReplaceBehavior [ RunTime:0.000000s ]
INFO: [ template_filter ] --END-- [ RunTime:0.000000s ]
INFO: Run Behavior\ParseTemplateBehavior [ RunTime:0.004000s ]
INFO: [ view_parse ] --END-- [ RunTime:0.004000s ]
INFO: [ view_filter ] --START--
INFO: Run Behavior\WriteHtmlCacheBehavior [ RunTime:0.000000s ]
INFO: [ view_filter ] --END-- [ RunTime:0.000000s ]
INFO: [ app_end ] --START--
INFO: Run Behavior\ShowPageTraceBehavior [ RunTime:0.000000s ]
INFO: [ app_end ] --END-- [ RunTime:0.000000s ]

[ 2016-03-07T09:24:28+08:00 ] 127.0.0.1 /
INFO: [ app_init ] --START--
INFO: Run Behavior\BuildLiteBehavior [ RunTime:0.000000s ]
INFO: [ app_init ] --END-- [ RunTime:0.000000s ]
INFO: [ app_begin ] --START--
INFO: Run Behavior\ReadHtmlCacheBehavior [ RunTime:0.001000s ]
INFO: [ app_begin ] --END-- [ RunTime:0.001000s ]
INFO: [ view_parse ] --START--
INFO: [ template_filter ] --START--
INFO: Run Behavior\ContentReplaceBehavior [ RunTime:0.000000s ]
INFO: [ template_filter ] --END-- [ RunTime:0.000000s ]
INFO: Run Behavior\ParseTemplateBehavior [ RunTime:0.004001s ]
INFO: [ view_parse ] --END-- [ RunTime:0.004001s ]
INFO: [ view_filter ] --START--
INFO: Run Behavior\WriteHtmlCacheBehavior [ RunTime:0.000000s ]
INFO: [ view_filter ] --END-- [ RunTime:0.000000s ]
INFO: [ app_end ] --START--
INFO: Run Behavior\ShowPageTraceBehavior [ RunTime:0.001000s ]
INFO: [ app_end ] --END-- [ RunTime:0.001000s ]

[ 2016-03-07T09:24:29+08:00 ] 127.0.0.1 /
INFO: [ app_init ] --START--
INFO: Run Behavior\BuildLiteBehavior [ RunTime:0.000000s ]
INFO: [ app_init ] --END-- [ RunTime:0.000000s ]
INFO: [ app_begin ] --START--
INFO: Run Behavior\ReadHtmlCacheBehavior [ RunTime:0.000000s ]
INFO: [ app_begin ] --END-- [ RunTime:0.000000s ]
INFO: [ view_parse ] --START--
INFO: [ template_filter ] --START--
INFO: Run Behavior\ContentReplaceBehavior [ RunTime:0.000000s ]
INFO: [ template_filter ] --END-- [ RunTime:0.000000s ]
INFO: Run Behavior\ParseTemplateBehavior [ RunTime:0.006000s ]
INFO: [ view_parse ] --END-- [ RunTime:0.006000s ]
INFO: [ view_filter ] --START--
INFO: Run Behavior\WriteHtmlCacheBehavior [ RunTime:0.001000s ]
INFO: [ view_filter ] --END-- [ RunTime:0.001000s ]
INFO: [ app_end ] --START--
INFO: Run Behavior\ShowPageTraceBehavior [ RunTime:0.000000s ]
INFO: [ app_end ] --END-- [ RunTime:0.000000s ]

[ 2016-03-07T09:24:29+08:00 ] 127.0.0.1 /
INFO: [ app_init ] --START--
INFO: Run Behavior\BuildLiteBehavior [ RunTime:0.000000s ]
INFO: [ app_init ] --END-- [ RunTime:0.000000s ]
INFO: [ app_begin ] --START--
INFO: Run Behavior\ReadHtmlCacheBehavior [ RunTime:0.001000s ]
INFO: [ app_begin ] --END-- [ RunTime:0.001000s ]
INFO: [ view_parse ] --START--
INFO: [ template_filter ] --START--
INFO: Run Behavior\ContentReplaceBehavior [ RunTime:0.000000s ]
INFO: [ template_filter ] --END-- [ RunTime:0.000000s ]
INFO: Run Behavior\ParseTemplateBehavior [ RunTime:0.004001s ]
INFO: [ view_parse ] --END-- [ RunTime:0.004001s ]
INFO: [ view_filter ] --START--
INFO: Run Behavior\WriteHtmlCacheBehavior [ RunTime:0.000000s ]
INFO: [ view_filter ] --END-- [ RunTime:0.000000s ]
INFO: [ app_end ] --START--
INFO: Run Behavior\ShowPageTraceBehavior [ RunTime:0.001000s ]
INFO: [ app_end ] --END-- [ RunTime:0.001000s ]

[ 2016-03-07T09:24:29+08:00 ] 127.0.0.1 /
INFO: [ app_init ] --START--
INFO: Run Behavior\BuildLiteBehavior [ RunTime:0.000000s ]
INFO: [ app_init ] --END-- [ RunTime:0.001000s ]
INFO: [ app_begin ] --START--
INFO: Run Behavior\ReadHtmlCacheBehavior [ RunTime:0.000000s ]
INFO: [ app_begin ] --END-- [ RunTime:0.000000s ]
INFO: [ view_parse ] --START--
INFO: [ template_filter ] --START--
INFO: Run Behavior\ContentReplaceBehavior [ RunTime:0.000000s ]
INFO: [ template_filter ] --END-- [ RunTime:0.000000s ]
INFO: Run Behavior\ParseTemplateBehavior [ RunTime:0.005001s ]
INFO: [ view_parse ] --END-- [ RunTime:0.005001s ]
INFO: [ view_filter ] --START--
INFO: Run Behavior\WriteHtmlCacheBehavior [ RunTime:0.001000s ]
INFO: [ view_filter ] --END-- [ RunTime:0.001000s ]
INFO: [ app_end ] --START--
INFO: Run Behavior\ShowPageTraceBehavior [ RunTime:0.000000s ]
INFO: [ app_end ] --END-- [ RunTime:0.000000s ]

[ 2016-03-07T09:24:29+08:00 ] 127.0.0.1 /
INFO: [ app_init ] --START--
INFO: Run Behavior\BuildLiteBehavior [ RunTime:0.000000s ]
INFO: [ app_init ] --END-- [ RunTime:0.000000s ]
INFO: [ app_begin ] --START--
INFO: Run Behavior\ReadHtmlCacheBehavior [ RunTime:0.001000s ]
INFO: [ app_begin ] --END-- [ RunTime:0.001000s ]
INFO: [ view_parse ] --START--
INFO: [ template_filter ] --START--
INFO: Run Behavior\ContentReplaceBehavior [ RunTime:0.000000s ]
INFO: [ template_filter ] --END-- [ RunTime:0.001000s ]
INFO: Run Behavior\ParseTemplateBehavior [ RunTime:0.004000s ]
INFO: [ view_parse ] --END-- [ RunTime:0.004000s ]
INFO: [ view_filter ] --START--
INFO: Run Behavior\WriteHtmlCacheBehavior [ RunTime:0.001000s ]
INFO: [ view_filter ] --END-- [ RunTime:0.001000s ]
INFO: [ app_end ] --START--
INFO: Run Behavior\ShowPageTraceBehavior [ RunTime:0.000000s ]
INFO: [ app_end ] --END-- [ RunTime:0.000000s ]

[ 2016-03-07T09:27:36+08:00 ] 127.0.0.1 /
INFO: [ app_init ] --START--
INFO: Run Behavior\BuildLiteBehavior [ RunTime:0.000000s ]
INFO: [ app_init ] --END-- [ RunTime:0.001000s ]
INFO: [ app_begin ] --START--
INFO: Run Behavior\ReadHtmlCacheBehavior [ RunTime:0.001000s ]
INFO: [ app_begin ] --END-- [ RunTime:0.001000s ]
INFO: [ view_parse ] --START--
INFO: [ template_filter ] --START--
INFO: Run Behavior\ContentReplaceBehavior [ RunTime:0.000000s ]
INFO: [ template_filter ] --END-- [ RunTime:0.000000s ]
INFO: Run Behavior\ParseTemplateBehavior [ RunTime:0.005000s ]
INFO: [ view_parse ] --END-- [ RunTime:0.005000s ]
INFO: [ view_filter ] --START--
INFO: Run Behavior\WriteHtmlCacheBehavior [ RunTime:0.001000s ]
INFO: [ view_filter ] --END-- [ RunTime:0.001000s ]
INFO: [ app_end ] --START--
INFO: Run Behavior\ShowPageTraceBehavior [ RunTime:0.001001s ]
INFO: [ app_end ] --END-- [ RunTime:0.001001s ]

[ 2016-03-07T09:27:40+08:00 ] 127.0.0.1 /
INFO: [ app_init ] --START--
INFO: Run Behavior\BuildLiteBehavior [ RunTime:0.000000s ]
INFO: [ app_init ] --END-- [ RunTime:0.001000s ]
INFO: [ app_begin ] --START--
INFO: Run Behavior\ReadHtmlCacheBehavior [ RunTime:0.001000s ]
INFO: [ app_begin ] --END-- [ RunTime:0.001000s ]
INFO: [ view_parse ] --START--
INFO: [ template_filter ] --START--
INFO: Run Behavior\ContentReplaceBehavior [ RunTime:0.000000s ]
INFO: [ template_filter ] --END-- [ RunTime:0.000000s ]
INFO: Run Behavior\ParseTemplateBehavior [ RunTime:0.007000s ]
INFO: [ view_parse ] --END-- [ RunTime:0.007000s ]
INFO: [ view_filter ] --START--
INFO: Run Behavior\WriteHtmlCacheBehavior [ RunTime:0.000000s ]
INFO: [ view_filter ] --END-- [ RunTime:0.000000s ]
INFO: [ app_end ] --START--
INFO: Run Behavior\ShowPageTraceBehavior [ RunTime:0.001000s ]
INFO: [ app_end ] --END-- [ RunTime:0.001000s ]

[ 2016-03-07T09:27:40+08:00 ] 127.0.0.1 /
INFO: [ app_init ] --START--
INFO: Run Behavior\BuildLiteBehavior [ RunTime:0.000000s ]
INFO: [ app_init ] --END-- [ RunTime:0.000000s ]
INFO: [ app_begin ] --START--
INFO: Run Behavior\ReadHtmlCacheBehavior [ RunTime:0.001000s ]
INFO: [ app_begin ] --END-- [ RunTime:0.001000s ]
INFO: [ view_parse ] --START--
INFO: [ template_filter ] --START--
INFO: Run Behavior\ContentReplaceBehavior [ RunTime:0.000000s ]
INFO: [ template_filter ] --END-- [ RunTime:0.000000s ]
INFO: Run Behavior\ParseTemplateBehavior [ RunTime:0.003000s ]
INFO: [ view_parse ] --END-- [ RunTime:0.004000s ]
INFO: [ view_filter ] --START--
INFO: Run Behavior\WriteHtmlCacheBehavior [ RunTime:0.000000s ]
INFO: [ view_filter ] --END-- [ RunTime:0.000000s ]
INFO: [ app_end ] --START--
INFO: Run Behavior\ShowPageTraceBehavior [ RunTime:0.000000s ]
INFO: [ app_end ] --END-- [ RunTime:0.000000s ]

[ 2016-03-07T09:27:40+08:00 ] 127.0.0.1 /
INFO: [ app_init ] --START--
INFO: Run Behavior\BuildLiteBehavior [ RunTime:0.000000s ]
INFO: [ app_init ] --END-- [ RunTime:0.000000s ]
INFO: [ app_begin ] --START--
INFO: Run Behavior\ReadHtmlCacheBehavior [ RunTime:0.001000s ]
INFO: [ app_begin ] --END-- [ RunTime:0.001000s ]
INFO: [ view_parse ] --START--
INFO: [ template_filter ] --START--
INFO: Run Behavior\ContentReplaceBehavior [ RunTime:0.000000s ]
INFO: [ template_filter ] --END-- [ RunTime:0.000000s ]
INFO: Run Behavior\ParseTemplateBehavior [ RunTime:0.004000s ]
INFO: [ view_parse ] --END-- [ RunTime:0.004000s ]
INFO: [ view_filter ] --START--
INFO: Run Behavior\WriteHtmlCacheBehavior [ RunTime:0.000000s ]
INFO: [ view_filter ] --END-- [ RunTime:0.000000s ]
INFO: [ app_end ] --START--
INFO: Run Behavior\ShowPageTraceBehavior [ RunTime:0.001000s ]
INFO: [ app_end ] --END-- [ RunTime:0.001000s ]

[ 2016-03-07T09:27:40+08:00 ] 127.0.0.1 /
INFO: [ app_init ] --START--
INFO: Run Behavior\BuildLiteBehavior [ RunTime:0.000000s ]
INFO: [ app_init ] --END-- [ RunTime:0.000000s ]
INFO: [ app_begin ] --START--
INFO: Run Behavior\ReadHtmlCacheBehavior [ RunTime:0.001000s ]
INFO: [ app_begin ] --END-- [ RunTime:0.001000s ]
INFO: [ view_parse ] --START--
INFO: [ template_filter ] --START--
INFO: Run Behavior\ContentReplaceBehavior [ RunTime:0.000000s ]
INFO: [ template_filter ] --END-- [ RunTime:0.000000s ]
INFO: Run Behavior\ParseTemplateBehavior [ RunTime:0.007001s ]
INFO: [ view_parse ] --END-- [ RunTime:0.007001s ]
INFO: [ view_filter ] --START--
INFO: Run Behavior\WriteHtmlCacheBehavior [ RunTime:0.000000s ]
INFO: [ view_filter ] --END-- [ RunTime:0.000000s ]
INFO: [ app_end ] --START--
INFO: Run Behavior\ShowPageTraceBehavior [ RunTime:0.000000s ]
INFO: [ app_end ] --END-- [ RunTime:0.000000s ]

[ 2016-03-07T09:27:41+08:00 ] 127.0.0.1 /
INFO: [ app_init ] --START--
INFO: Run Behavior\BuildLiteBehavior [ RunTime:0.000000s ]
INFO: [ app_init ] --END-- [ RunTime:0.001000s ]
INFO: [ app_begin ] --START--
INFO: Run Behavior\ReadHtmlCacheBehavior [ RunTime:0.001000s ]
INFO: [ app_begin ] --END-- [ RunTime:0.001000s ]
INFO: [ view_parse ] --START--
INFO: [ template_filter ] --START--
INFO: Run Behavior\ContentReplaceBehavior [ RunTime:0.000000s ]
INFO: [ template_filter ] --END-- [ RunTime:0.000000s ]
INFO: Run Behavior\ParseTemplateBehavior [ RunTime:0.003000s ]
INFO: [ view_parse ] --END-- [ RunTime:0.003000s ]
INFO: [ view_filter ] --START--
INFO: Run Behavior\WriteHtmlCacheBehavior [ RunTime:0.000000s ]
INFO: [ view_filter ] --END-- [ RunTime:0.001000s ]
INFO: [ app_end ] --START--
INFO: Run Behavior\ShowPageTraceBehavior [ RunTime:0.000000s ]
INFO: [ app_end ] --END-- [ RunTime:0.000000s ]

[ 2016-03-07T09:27:41+08:00 ] 127.0.0.1 /
INFO: [ app_init ] --START--
INFO: Run Behavior\BuildLiteBehavior [ RunTime:0.000000s ]
INFO: [ app_init ] --END-- [ RunTime:0.001000s ]
INFO: [ app_begin ] --START--
INFO: Run Behavior\ReadHtmlCacheBehavior [ RunTime:0.001000s ]
INFO: [ app_begin ] --END-- [ RunTime:0.001000s ]
INFO: [ view_parse ] --START--
INFO: [ template_filter ] --START--
INFO: Run Behavior\ContentReplaceBehavior [ RunTime:0.000000s ]
INFO: [ template_filter ] --END-- [ RunTime:0.000000s ]
INFO: Run Behavior\ParseTemplateBehavior [ RunTime:0.005000s ]
INFO: [ view_parse ] --END-- [ RunTime:0.005000s ]
INFO: [ view_filter ] --START--
INFO: Run Behavior\WriteHtmlCacheBehavior [ RunTime:0.000000s ]
INFO: [ view_filter ] --END-- [ RunTime:0.000000s ]
INFO: [ app_end ] --START--
INFO: Run Behavior\ShowPageTraceBehavior [ RunTime:0.000000s ]
INFO: [ app_end ] --END-- [ RunTime:0.000000s ]

[ 2016-03-07T09:27:41+08:00 ] 127.0.0.1 /
INFO: [ app_init ] --START--
INFO: Run Behavior\BuildLiteBehavior [ RunTime:0.000000s ]
INFO: [ app_init ] --END-- [ RunTime:0.001000s ]
INFO: [ app_begin ] --START--
INFO: Run Behavior\ReadHtmlCacheBehavior [ RunTime:0.001000s ]
INFO: [ app_begin ] --END-- [ RunTime:0.001000s ]
INFO: [ view_parse ] --START--
INFO: [ template_filter ] --START--
INFO: Run Behavior\ContentReplaceBehavior [ RunTime:0.000000s ]
INFO: [ template_filter ] --END-- [ RunTime:0.001000s ]
INFO: Run Behavior\ParseTemplateBehavior [ RunTime:0.006000s ]
INFO: [ view_parse ] --END-- [ RunTime:0.006000s ]
INFO: [ view_filter ] --START--
INFO: Run Behavior\WriteHtmlCacheBehavior [ RunTime:0.000000s ]
INFO: [ view_filter ] --END-- [ RunTime:0.000000s ]
INFO: [ app_end ] --START--
INFO: Run Behavior\ShowPageTraceBehavior [ RunTime:0.000000s ]
INFO: [ app_end ] --END-- [ RunTime:0.000000s ]

[ 2016-03-07T09:27:41+08:00 ] 127.0.0.1 /
INFO: [ app_init ] --START--
INFO: Run Behavior\BuildLiteBehavior [ RunTime:0.000000s ]
INFO: [ app_init ] --END-- [ RunTime:0.001000s ]
INFO: [ app_begin ] --START--
INFO: Run Behavior\ReadHtmlCacheBehavior [ RunTime:0.001000s ]
INFO: [ app_begin ] --END-- [ RunTime:0.001000s ]
INFO: [ view_parse ] --START--
INFO: [ template_filter ] --START--
INFO: Run Behavior\ContentReplaceBehavior [ RunTime:0.000000s ]
INFO: [ template_filter ] --END-- [ RunTime:0.000000s ]
INFO: Run Behavior\ParseTemplateBehavior [ RunTime:0.003000s ]
INFO: [ view_parse ] --END-- [ RunTime:0.003000s ]
INFO: [ view_filter ] --START--
INFO: Run Behavior\WriteHtmlCacheBehavior [ RunTime:0.001000s ]
INFO: [ view_filter ] --END-- [ RunTime:0.001000s ]
INFO: [ app_end ] --START--
INFO: Run Behavior\ShowPageTraceBehavior [ RunTime:0.000000s ]
INFO: [ app_end ] --END-- [ RunTime:0.000000s ]

[ 2016-03-07T09:57:14+08:00 ] 127.0.0.1 /index.php?m=Home&c=User&a=login
ERR: 模板不存在:D:/AMP/WEB/XiangMu/Shop/Home/View/User/login.html

[ 2016-03-07T09:57:48+08:00 ] 127.0.0.1 /index.php?m=Home&c=User&a=login
ERR: 模板不存在:D:/AMP/WEB/XiangMu/Shop/Home/View/User/login.html

[ 2016-03-07T09:57:48+08:00 ] 127.0.0.1 /index.php?m=Home&c=User&a=login
ERR: 模板不存在:D:/AMP/WEB/XiangMu/Shop/Home/View/User/login.html

[ 2016-03-07T09:57:49+08:00 ] 127.0.0.1 /index.php?m=Home&c=User&a=login
ERR: 模板不存在:D:/AMP/WEB/XiangMu/Shop/Home/View/User/login.html

[ 2016-03-07T09:57:49+08:00 ] 127.0.0.1 /index.php?m=Home&c=User&a=login
ERR: 模板不存在:D:/AMP/WEB/XiangMu/Shop/Home/View/User/login.html

[ 2016-03-07T09:57:49+08:00 ] 127.0.0.1 /index.php?m=Home&c=User&a=login
ERR: 模板不存在:D:/AMP/WEB/XiangMu/Shop/Home/View/User/login.html

[ 2016-03-07T09:57:49+08:00 ] 127.0.0.1 /index.php?m=Home&c=User&a=login
ERR: 模板不存在:D:/AMP/WEB/XiangMu/Shop/Home/View/User/login.html

[ 2016-03-07T09:57:49+08:00 ] 127.0.0.1 /index.php?m=Home&c=User&a=login
ERR: 模板不存在:D:/AMP/WEB/XiangMu/Shop/Home/View/User/login.html

[ 2016-03-07T09:57:49+08:00 ] 127.0.0.1 /index.php?m=Home&c=User&a=login
ERR: 模板不存在:D:/AMP/WEB/XiangMu/Shop/Home/View/User/login.html

[ 2016-03-07T09:57:50+08:00 ] 127.0.0.1 /index.php?m=Home&c=User&a=login
ERR: 模板不存在:D:/AMP/WEB/XiangMu/Shop/Home/View/User/login.html

[ 2016-03-07T09:57:50+08:00 ] 127.0.0.1 /index.php?m=Home&c=User&a=login
ERR: 模板不存在:D:/AMP/WEB/XiangMu/Shop/Home/View/User/login.html

[ 2016-03-07T09:57:50+08:00 ] 127.0.0.1 /index.php?m=Home&c=User&a=login
ERR: 模板不存在:D:/AMP/WEB/XiangMu/Shop/Home/View/User/login.html

[ 2016-03-07T09:57:50+08:00 ] 127.0.0.1 /index.php?m=Home&c=User&a=login
ERR: 模板不存在:D:/AMP/WEB/XiangMu/Shop/Home/View/User/login.html

[ 2016-03-07T09:57:50+08:00 ] 127.0.0.1 /index.php?m=Home&c=User&a=login
ERR: 模板不存在:D:/AMP/WEB/XiangMu/Shop/Home/View/User/login.html

[ 2016-03-07T09:57:51+08:00 ] 127.0.0.1 /index.php?m=Home&c=User&a=login
ERR: 模板不存在:D:/AMP/WEB/XiangMu/Shop/Home/View/User/login.html

[ 2016-03-07T10:33:55+08:00 ] 127.0.0.1 /index.php/Home/user/css/style.css
ERR: 非法操作:css

[ 2016-03-07T10:53:09+08:00 ] 127.0.0.1 /index.php/Home/user/__CSS_URL__/style.css
ERR: 非法操作:__CSS_URL__

[ 2016-03-07T10:53:09+08:00 ] 127.0.0.1 /index.php/Home/user/__CSS_URL__/style.css
ERR: 非法操作:__CSS_URL__

[ 2016-03-07T10:53:10+08:00 ] 127.0.0.1 /index.php/Home/user/__CSS_URL__/style.css
ERR: 非法操作:__CSS_URL__

[ 2016-03-07T10:53:10+08:00 ] 127.0.0.1 /index.php/Home/user/__CSS_URL__/style.css
ERR: 非法操作:__CSS_URL__

[ 2016-03-07T10:53:10+08:00 ] 127.0.0.1 /index.php/Home/user/__CSS_URL__/style.css
ERR: 非法操作:__CSS_URL__

[ 2016-03-07T10:53:10+08:00 ] 127.0.0.1 /index.php/Home/user/__CSS_URL__/style.css
ERR: 非法操作:__CSS_URL__

[ 2016-03-07T10:53:10+08:00 ] 127.0.0.1 /index.php/Home/user/__CSS_URL__/style.css
ERR: 非法操作:__CSS_URL__

[ 2016-03-07T10:53:28+08:00 ] 127.0.0.1 /index.php/Home/user/%7BCSS_URL%7D/style.css
ERR: 非法操作:{CSS_URL}

[ 2016-03-07T10:53:28+08:00 ] 127.0.0.1 /index.php/Home/user/%7BCSS_URL%7D/style.css
ERR: 非法操作:{CSS_URL}

[ 2016-03-07T10:53:28+08:00 ] 127.0.0.1 /index.php/Home/user/%7BCSS_URL%7D/style.css
ERR: 非法操作:{CSS_URL}

[ 2016-03-07T10:53:28+08:00 ] 127.0.0.1 /index.php/Home/user/%7BCSS_URL%7D/style.css
ERR: 非法操作:{CSS_URL}

[ 2016-03-07T10:53:29+08:00 ] 127.0.0.1 /index.php/Home/user/%7BCSS_URL%7D/style.css
ERR: 非法操作:{CSS_URL}

[ 2016-03-07T10:53:29+08:00 ] 127.0.0.1 /index.php/Home/user/%7BCSS_URL%7D/style.css
ERR: 非法操作:{CSS_URL}

[ 2016-03-07T10:53:29+08:00 ] 127.0.0.1 /index.php/Home/user/%7BCSS_URL%7D/style.css
ERR: 非法操作:{CSS_URL}

[ 2016-03-07T10:57:13+08:00 ] 127.0.0.1 /index.php/Home/user/SITE_URLshop/public/css/style.css
ERR: 非法操作:SITE_URLshop

[ 2016-03-07T10:57:14+08:00 ] 127.0.0.1 /index.php/Home/user/SITE_URLshop/public/css/style.css
ERR: 非法操作:SITE_URLshop

[ 2016-03-07T10:57:14+08:00 ] 127.0.0.1 /index.php/Home/user/SITE_URLshop/public/css/style.css
ERR: 非法操作:SITE_URLshop

[ 2016-03-07T10:57:14+08:00 ] 127.0.0.1 /index.php/Home/user/SITE_URLshop/public/css/style.css
ERR: 非法操作:SITE_URLshop

[ 2016-03-07T10:57:14+08:00 ] 127.0.0.1 /index.php/Home/user/SITE_URLshop/public/css/style.css
ERR: 非法操作:SITE_URLshop

[ 2016-03-07T10:57:15+08:00 ] 127.0.0.1 /index.php/Home/user/SITE_URLshop/public/css/style.css
ERR: 非法操作:SITE_URLshop

[ 2016-03-07T10:57:15+08:00 ] 127.0.0.1 /index.php/Home/user/SITE_URLshop/public/css/style.css
ERR: 非法操作:SITE_URLshop

[ 2016-03-07T10:57:15+08:00 ] 127.0.0.1 /index.php/Home/user/SITE_URLshop/public/css/style.css
ERR: 非法操作:SITE_URLshop

[ 2016-03-07T10:59:10+08:00 ] 127.0.0.1 /index.php/Home/user/SITE_URLshop/public/css/style.css
ERR: 非法操作:SITE_URLshop

[ 2016-03-07T10:59:11+08:00 ] 127.0.0.1 /index.php/Home/user/SITE_URLshop/public/css/style.css
ERR: 非法操作:SITE_URLshop

[ 2016-03-07T10:59:25+08:00 ] 127.0.0.1 /index.php/Home/user/SITE_URLshop/public/css/style.css
ERR: 非法操作:SITE_URLshop

[ 2016-03-07T10:59:25+08:00 ] 127.0.0.1 /index.php/Home/user/SITE_URLshop/public/css/style.css
ERR: 非法操作:SITE_URLshop

[ 2016-03-07T10:59:26+08:00 ] 127.0.0.1 /index.php/Home/user/SITE_URLshop/public/css/style.css
ERR: 非法操作:SITE_URLshop

[ 2016-03-07T10:59:26+08:00 ] 127.0.0.1 /index.php/Home/user/SITE_URLshop/public/css/style.css
ERR: 非法操作:SITE_URLshop

[ 2016-03-07T10:59:26+08:00 ] 127.0.0.1 /index.php/Home/user/SITE_URLshop/public/css/style.css
ERR: 非法操作:SITE_URLshop

[ 2016-03-07T10:59:26+08:00 ] 127.0.0.1 /index.php/Home/user/SITE_URLshop/public/css/style.css
ERR: 非法操作:SITE_URLshop

[ 2016-03-07T10:59:27+08:00 ] 127.0.0.1 /index.php/Home/user/SITE_URLshop/public/css/style.css
ERR: 非法操作:SITE_URLshop

[ 2016-03-07T10:59:27+08:00 ] 127.0.0.1 /index.php/Home/user/SITE_URLshop/public/css/style.css
ERR: 非法操作:SITE_URLshop

[ 2016-03-07T10:59:27+08:00 ] 127.0.0.1 /index.php/Home/user/SITE_URLshop/public/css/style.css
ERR: 非法操作:SITE_URLshop

[ 2016-03-07T11:00:09+08:00 ] 127.0.0.1 /index.php/Home/user/SITE_URLpublic/css/style.css
ERR: 非法操作:SITE_URLpublic

[ 2016-03-07T11:00:09+08:00 ] 127.0.0.1 /index.php/Home/user/SITE_URLpublic/css/style.css
ERR: 非法操作:SITE_URLpublic

[ 2016-03-07T11:00:09+08:00 ] 127.0.0.1 /index.php/Home/user/SITE_URLpublic/css/style.css
ERR: 非法操作:SITE_URLpublic

[ 2016-03-07T11:00:10+08:00 ] 127.0.0.1 /index.php/Home/user/SITE_URLpublic/css/style.css
ERR: 非法操作:SITE_URLpublic

[ 2016-03-07T11:00:10+08:00 ] 127.0.0.1 /index.php/Home/user/SITE_URLpublic/css/style.css
ERR: 非法操作:SITE_URLpublic

[ 2016-03-07T11:00:10+08:00 ] 127.0.0.1 /index.php/Home/user/SITE_URLpublic/css/style.css
ERR: 非法操作:SITE_URLpublic

[ 2016-03-07T11:00:10+08:00 ] 127.0.0.1 /index.php/Home/user/SITE_URLpublic/css/style.css
ERR: 非法操作:SITE_URLpublic

[ 2016-03-07T11:00:10+08:00 ] 127.0.0.1 /index.php/Home/user/SITE_URLpublic/css/style.css
ERR: 非法操作:SITE_URLpublic

[ 2016-03-07T11:00:10+08:00 ] 127.0.0.1 /index.php/Home/user/SITE_URLpublic/css/style.css
ERR: 非法操作:SITE_URLpublic

[ 2016-03-07T11:00:11+08:00 ] 127.0.0.1 /index.php/Home/user/SITE_URLpublic/css/style.css
ERR: 非法操作:SITE_URLpublic

[ 2016-03-07T11:00:11+08:00 ] 127.0.0.1 /index.php/Home/user/SITE_URLpublic/css/style.css
ERR: 非法操作:SITE_URLpublic

[ 2016-03-07T11:02:13+08:00 ] 127.0.0.1 /index.php/Home/user/SITE_URLpublic/css/style.css
ERR: 非法操作:SITE_URLpublic

[ 2016-03-07T11:02:14+08:00 ] 127.0.0.1 /index.php/Home/user/SITE_URLpublic/css/style.css
ERR: 非法操作:SITE_URLpublic

[ 2016-03-07T11:02:14+08:00 ] 127.0.0.1 /index.php/Home/user/SITE_URLpublic/css/style.css
ERR: 非法操作:SITE_URLpublic

[ 2016-03-07T11:02:15+08:00 ] 127.0.0.1 /index.php/Home/user/SITE_URLpublic/css/style.css
ERR: 非法操作:SITE_URLpublic

[ 2016-03-07T11:02:15+08:00 ] 127.0.0.1 /index.php/Home/user/SITE_URLpublic/css/style.css
ERR: 非法操作:SITE_URLpublic

[ 2016-03-07T11:02:15+08:00 ] 127.0.0.1 /index.php/Home/user/SITE_URLpublic/css/style.css
ERR: 非法操作:SITE_URLpublic

[ 2016-03-07T11:02:15+08:00 ] 127.0.0.1 /index.php/Home/user/SITE_URLpublic/css/style.css
ERR: 非法操作:SITE_URLpublic

[ 2016-03-07T11:02:15+08:00 ] 127.0.0.1 /index.php/Home/user/SITE_URLpublic/css/style.css
ERR: 非法操作:SITE_URLpublic

[ 2016-03-07T11:02:15+08:00 ] 127.0.0.1 /index.php/Home/user/SITE_URLpublic/css/style.css
ERR: 非法操作:SITE_URLpublic

[ 2016-03-07T11:02:16+08:00 ] 127.0.0.1 /index.php/Home/user/SITE_URLpublic/css/style.css
ERR: 非法操作:SITE_URLpublic

[ 2016-03-07T11:02:16+08:00 ] 127.0.0.1 /index.php/Home/user/SITE_URLpublic/css/style.css
ERR: 非法操作:SITE_URLpublic

[ 2016-03-07T11:02:16+08:00 ] 127.0.0.1 /index.php/Home/user/SITE_URLpublic/css/style.css
ERR: 非法操作:SITE_URLpublic

[ 2016-03-07T11:02:16+08:00 ] 127.0.0.1 /index.php/Home/user/SITE_URLpublic/css/style.css
ERR: 非法操作:SITE_URLpublic

[ 2016-03-07T11:02:16+08:00 ] 127.0.0.1 /index.php/Home/user/SITE_URLpublic/css/style.css
ERR: 非法操作:SITE_URLpublic

[ 2016-03-07T11:02:16+08:00 ] 127.0.0.1 /index.php/Home/user/SITE_URLpublic/css/style.css
ERR: 非法操作:SITE_URLpublic

[ 2016-03-07T11:02:17+08:00 ] 127.0.0.1 /index.php/Home/user/SITE_URLpublic/css/style.css
ERR: 非法操作:SITE_URLpublic

[ 2016-03-07T11:02:17+08:00 ] 127.0.0.1 /index.php/Home/user/SITE_URLpublic/css/style.css
ERR: 非法操作:SITE_URLpublic

[ 2016-03-07T11:02:17+08:00 ] 127.0.0.1 /index.php/Home/user/SITE_URLpublic/css/style.css
ERR: 非法操作:SITE_URLpublic

[ 2016-03-07T11:03:20+08:00 ] 127.0.0.1 /index.php/Home/user/shop/public/css/style.css
ERR: 非法操作:shop

[ 2016-03-07T11:03:21+08:00 ] 127.0.0.1 /index.php/Home/user/shop/public/css/style.css
ERR: 非法操作:shop

[ 2016-03-07T11:04:11+08:00 ] 127.0.0.1 /index.php/Home/user/CSS_URLstyle.css
ERR: 非法操作:CSS_URLstyle.css

[ 2016-03-07T11:04:12+08:00 ] 127.0.0.1 /index.php/Home/user/CSS_URLstyle.css
ERR: 非法操作:CSS_URLstyle.css

[ 2016-03-07T11:04:39+08:00 ] 127.0.0.1 /index.php/Home/user/style.css
ERR: 非法操作:style.css

[ 2016-03-07T11:04:40+08:00 ] 127.0.0.1 /index.php/Home/user/style.css
ERR: 非法操作:style.css

[ 2016-03-07T11:04:40+08:00 ] 127.0.0.1 /index.php/Home/user/style.css
ERR: 非法操作:style.css

[ 2016-03-07T11:04:40+08:00 ] 127.0.0.1 /index.php/Home/user/style.css
ERR: 非法操作:style.css

[ 2016-03-07T11:04:40+08:00 ] 127.0.0.1 /index.php/Home/user/style.css
ERR: 非法操作:style.css

[ 2016-03-07T11:04:41+08:00 ] 127.0.0.1 /index.php/Home/user/style.css
ERR: 非法操作:style.css

[ 2016-03-07T11:04:41+08:00 ] 127.0.0.1 /index.php/Home/user/style.css
ERR: 非法操作:style.css

[ 2016-03-07T11:04:41+08:00 ] 127.0.0.1 /index.php/Home/user/style.css
ERR: 非法操作:style.css

[ 2016-03-07T11:04:41+08:00 ] 127.0.0.1 /index.php/Home/user/style.css
ERR: 非法操作:style.css

[ 2016-03-07T11:04:47+08:00 ] 127.0.0.1 /index.php/Home/user/%7BCSS_URL%7Dstyle.css
ERR: 非法操作:{CSS_URL}style.css

[ 2016-03-07T11:04:48+08:00 ] 127.0.0.1 /index.php/Home/user/%7BCSS_URL%7Dstyle.css
ERR: 非法操作:{CSS_URL}style.css

[ 2016-03-07T11:04:49+08:00 ] 127.0.0.1 /index.php/Home/user/%7BCSS_URL%7Dstyle.css
ERR: 非法操作:{CSS_URL}style.css

[ 2016-03-07T11:04:49+08:00 ] 127.0.0.1 /index.php/Home/user/%7BCSS_URL%7Dstyle.css
ERR: 非法操作:{CSS_URL}style.css

[ 2016-03-07T11:04:49+08:00 ] 127.0.0.1 /index.php/Home/user/%7BCSS_URL%7Dstyle.css
ERR: 非法操作:{CSS_URL}style.css

[ 2016-03-07T11:04:49+08:00 ] 127.0.0.1 /index.php/Home/user/%7BCSS_URL%7Dstyle.css
ERR: 非法操作:{CSS_URL}style.css

[ 2016-03-07T11:04:49+08:00 ] 127.0.0.1 /index.php/Home/user/%7BCSS_URL%7Dstyle.css
ERR: 非法操作:{CSS_URL}style.css

[ 2016-03-07T11:04:49+08:00 ] 127.0.0.1 /index.php/Home/user/%7BCSS_URL%7Dstyle.css
ERR: 非法操作:{CSS_URL}style.css

[ 2016-03-07T11:04:50+08:00 ] 127.0.0.1 /index.php/Home/user/%7BCSS_URL%7Dstyle.css
ERR: 非法操作:{CSS_URL}style.css

[ 2016-03-07T11:04:50+08:00 ] 127.0.0.1 /index.php/Home/user/%7BCSS_URL%7Dstyle.css
ERR: 非法操作:{CSS_URL}style.css

[ 2016-03-07T11:04:50+08:00 ] 127.0.0.1 /index.php/Home/user/%7BCSS_URL%7Dstyle.css
ERR: 非法操作:{CSS_URL}style.css

[ 2016-03-07T11:04:50+08:00 ] 127.0.0.1 /index.php/Home/user/%7BCSS_URL%7Dstyle.css
ERR: 非法操作:{CSS_URL}style.css

[ 2016-03-07T11:04:50+08:00 ] 127.0.0.1 /index.php/Home/user/%7BCSS_URL%7Dstyle.css
ERR: 非法操作:{CSS_URL}style.css

[ 2016-03-07T11:04:50+08:00 ] 127.0.0.1 /index.php/Home/user/%7BCSS_URL%7Dstyle.css
ERR: 非法操作:{CSS_URL}style.css

[ 2016-03-07T11:04:50+08:00 ] 127.0.0.1 /index.php/Home/user/%7BCSS_URL%7Dstyle.css
ERR: 非法操作:{CSS_URL}style.css

[ 2016-03-07T11:04:50+08:00 ] 127.0.0.1 /index.php/Home/user/%7BCSS_URL%7Dstyle.css
ERR: 非法操作:{CSS_URL}style.css

[ 2016-03-07T11:04:51+08:00 ] 127.0.0.1 /index.php/Home/user/%7BCSS_URL%7Dstyle.css
ERR: 非法操作:{CSS_URL}style.css

[ 2016-03-07T11:04:51+08:00 ] 127.0.0.1 /index.php/Home/user/%7BCSS_URL%7Dstyle.css
ERR: 非法操作:{CSS_URL}style.css

[ 2016-03-07T11:04:51+08:00 ] 127.0.0.1 /index.php/Home/user/%7BCSS_URL%7Dstyle.css
ERR: 非法操作:{CSS_URL}style.css

[ 2016-03-07T11:04:51+08:00 ] 127.0.0.1 /index.php/Home/user/%7BCSS_URL%7Dstyle.css
ERR: 非法操作:{CSS_URL}style.css

[ 2016-03-07T11:04:51+08:00 ] 127.0.0.1 /index.php/Home/user/%7BCSS_URL%7Dstyle.css
ERR: 非法操作:{CSS_URL}style.css

[ 2016-03-07T11:04:51+08:00 ] 127.0.0.1 /index.php/Home/user/%7BCSS_URL%7Dstyle.css
ERR: 非法操作:{CSS_URL}style.css

[ 2016-03-07T11:04:51+08:00 ] 127.0.0.1 /index.php/Home/user/%7BCSS_URL%7Dstyle.css
ERR: 非法操作:{CSS_URL}style.css

[ 2016-03-07T11:04:51+08:00 ] 127.0.0.1 /index.php/Home/user/%7BCSS_URL%7Dstyle.css
ERR: 非法操作:{CSS_URL}style.css

[ 2016-03-07T11:04:52+08:00 ] 127.0.0.1 /index.php/Home/user/%7BCSS_URL%7Dstyle.css
ERR: 非法操作:{CSS_URL}style.css

[ 2016-03-07T11:05:14+08:00 ] 127.0.0.1 /index.php/Home/user/shop/public/css/style.css
ERR: 非法操作:shop

[ 2016-03-07T11:05:15+08:00 ] 127.0.0.1 /index.php/Home/user/shop/public/css/style.css
ERR: 非法操作:shop

[ 2016-03-07T11:05:15+08:00 ] 127.0.0.1 /index.php/Home/user/shop/public/css/style.css
ERR: 非法操作:shop

[ 2016-03-07T11:05:15+08:00 ] 127.0.0.1 /index.php/Home/user/shop/public/css/style.css
ERR: 非法操作:shop

[ 2016-03-07T11:05:43+08:00 ] 127.0.0.1 /index.php/Home/user/shop/public/css/style.css
ERR: 非法操作:shop

[ 2016-03-07T11:05:43+08:00 ] 127.0.0.1 /index.php/Home/user/shop/public/css/style.css
ERR: 非法操作:shop

[ 2016-03-07T11:05:44+08:00 ] 127.0.0.1 /index.php/Home/user/shop/public/css/style.css
ERR: 非法操作:shop

[ 2016-03-07T11:05:44+08:00 ] 127.0.0.1 /index.php/Home/user/shop/public/css/style.css
ERR: 非法操作:shop

[ 2016-03-07T11:05:44+08:00 ] 127.0.0.1 /index.php/Home/user/shop/public/css/style.css
ERR: 非法操作:shop

[ 2016-03-07T11:05:44+08:00 ] 127.0.0.1 /index.php/Home/user/shop/public/css/style.css
ERR: 非法操作:shop

[ 2016-03-07T11:05:45+08:00 ] 127.0.0.1 /index.php/Home/user/shop/public/css/style.css
ERR: 非法操作:shop

[ 2016-03-07T11:05:45+08:00 ] 127.0.0.1 /index.php/Home/user/shop/public/css/style.css
ERR: 非法操作:shop

[ 2016-03-07T11:06:05+08:00 ] 127.0.0.1 /index.php/home/user/shop/public/css/style.css
ERR: 非法操作:shop

[ 2016-03-07T11:06:14+08:00 ] 127.0.0.1 /index.php/home/user/shop/public/css/style.css
ERR: 非法操作:shop

[ 2016-03-07T11:06:24+08:00 ] 127.0.0.1 /index.php/home/user/shop/public/css/style.css
ERR: 非法操作:shop

[ 2016-03-07T11:06:25+08:00 ] 127.0.0.1 /index.php/home/user/shop/public/css/style.css
ERR: 非法操作:shop

[ 2016-03-07T11:06:25+08:00 ] 127.0.0.1 /index.php/home/user/shop/public/css/style.css
ERR: 非法操作:shop

[ 2016-03-07T11:06:25+08:00 ] 127.0.0.1 /index.php/home/user/shop/public/css/style.css
ERR: 非法操作:shop

[ 2016-03-07T11:06:25+08:00 ] 127.0.0.1 /index.php/home/user/shop/public/css/style.css
ERR: 非法操作:shop

[ 2016-03-07T11:06:26+08:00 ] 127.0.0.1 /index.php/home/user/shop/public/css/style.css
ERR: 非法操作:shop

[ 2016-03-07T11:06:26+08:00 ] 127.0.0.1 /index.php/home/user/shop/public/css/style.css
ERR: 非法操作:shop

[ 2016-03-07T11:06:27+08:00 ] 127.0.0.1 /index.php/home/user/shop/public/css/style.css
ERR: 非法操作:shop

[ 2016-03-07T11:06:27+08:00 ] 127.0.0.1 /index.php/home/user/shop/public/css/style.css
ERR: 非法操作:shop

[ 2016-03-07T11:06:27+08:00 ] 127.0.0.1 /index.php/home/user/shop/public/css/style.css
ERR: 非法操作:shop

[ 2016-03-07T11:06:27+08:00 ] 127.0.0.1 /index.php/home/user/shop/public/css/style.css
ERR: 非法操作:shop

[ 2016-03-07T11:06:27+08:00 ] 127.0.0.1 /index.php/home/user/shop/public/css/style.css
ERR: 非法操作:shop

[ 2016-03-07T11:06:27+08:00 ] 127.0.0.1 /index.php/home/user/shop/public/css/style.css
ERR: 非法操作:shop

[ 2016-03-07T11:06:28+08:00 ] 127.0.0.1 /index.php/home/user/shop/public/css/style.css
ERR: 非法操作:shop

[ 2016-03-07T11:06:28+08:00 ] 127.0.0.1 /index.php/home/user/shop/public/css/style.css
ERR: 非法操作:shop

[ 2016-03-07T11:06:28+08:00 ] 127.0.0.1 /index.php/home/user/shop/public/css/style.css
ERR: 非法操作:shop

[ 2016-03-07T11:06:37+08:00 ] 127.0.0.1 /index.php/home/user/shop.com/public/css/style.css
ERR: 非法操作:shop.com

[ 2016-03-07T11:06:37+08:00 ] 127.0.0.1 /index.php/home/user/shop.com/public/css/style.css
ERR: 非法操作:shop.com

[ 2016-03-07T11:06:37+08:00 ] 127.0.0.1 /index.php/home/user/shop.com/public/css/style.css
ERR: 非法操作:shop.com

[ 2016-03-07T11:06:37+08:00 ] 127.0.0.1 /index.php/home/user/shop.com/public/css/style.css
ERR: 非法操作:shop.com

[ 2016-03-07T11:06:37+08:00 ] 127.0.0.1 /index.php/home/user/shop.com/public/css/style.css
ERR: 非法操作:shop.com

[ 2016-03-07T11:06:38+08:00 ] 127.0.0.1 /index.php/home/user/shop.com/public/css/style.css
ERR: 非法操作:shop.com

